CRITICAL - 2024-05-07 22:33:18 --> Trying to get property 'reciver' of non-object
#0 /home/welf/Applications/php/Welfarearo/app/Helpers/shuja_helper.php(10): CodeIgniter\Debug\Exceptions->errorHandler()
#1 /home/welf/Applications/php/Welfarearo/app/Views/requests.php(465): ami_reciver()
#2 /home/welf/Applications/php/Welfarearo/system/View/View.php(210): include('/home/welf/Appl...')
#3 /home/welf/Applications/php/Welfarearo/system/View/View.php(213): CodeIgniter\View\View->CodeIgniter\View\{closure}()
#4 /home/welf/Applications/php/Welfarearo/system/Common.php(1089): CodeIgniter\View\View->render()
#5 /home/welf/Applications/php/Welfarearo/app/Controllers/Requests.php(15): view()
#6 /home/welf/Applications/php/Welfarearo/system/CodeIgniter.php(832): App\Controllers\Requests->index()
#7 /home/welf/Applications/php/Welfarearo/system/CodeIgniter.php(419): CodeIgniter\CodeIgniter->runController()
#8 /home/welf/Applications/php/Welfarearo/system/CodeIgniter.php(326): CodeIgniter\CodeIgniter->handleRequest()
#9 /home/welf/domains/welfarearo/index.php(37): CodeIgniter\CodeIgniter->run()
#10 {main}
CRITICAL - 2024-05-07 22:33:57 --> Trying to get property 'reciver' of non-object
#0 /home/welf/Applications/php/Welfarearo/app/Helpers/shuja_helper.php(10): CodeIgniter\Debug\Exceptions->errorHandler()
#1 /home/welf/Applications/php/Welfarearo/app/Views/requests.php(465): ami_reciver()
#2 /home/welf/Applications/php/Welfarearo/system/View/View.php(210): include('/home/welf/Appl...')
#3 /home/welf/Applications/php/Welfarearo/system/View/View.php(213): CodeIgniter\View\View->CodeIgniter\View\{closure}()
#4 /home/welf/Applications/php/Welfarearo/system/Common.php(1089): CodeIgniter\View\View->render()
#5 /home/welf/Applications/php/Welfarearo/app/Controllers/Requests.php(15): view()
#6 /home/welf/Applications/php/Welfarearo/system/CodeIgniter.php(832): App\Controllers\Requests->index()
#7 /home/welf/Applications/php/Welfarearo/system/CodeIgniter.php(419): CodeIgniter\CodeIgniter->runController()
#8 /home/welf/Applications/php/Welfarearo/system/CodeIgniter.php(326): CodeIgniter\CodeIgniter->handleRequest()
#9 /home/welf/domains/welfarearo/index.php(37): CodeIgniter\CodeIgniter->run()
#10 {main}
CRITICAL - 2024-05-07 22:48:28 --> Undefined index: blood_type
#0 /home/welf/Applications/php/Welfarearo/app/Controllers/Profile.php(218): CodeIgniter\Debug\Exceptions->errorHandler()
#1 /home/welf/Applications/php/Welfarearo/system/CodeIgniter.php(832): App\Controllers\Profile->save_name_s()
#2 /home/welf/Applications/php/Welfarearo/system/CodeIgniter.php(419): CodeIgniter\CodeIgniter->runController()
#3 /home/welf/Applications/php/Welfarearo/system/CodeIgniter.php(326): CodeIgniter\CodeIgniter->handleRequest()
#4 /home/welf/domains/welfarearo/index.php(37): CodeIgniter\CodeIgniter->run()
#5 {main}
CRITICAL - 2024-05-07 23:04:08 --> Undefined index: blood_group
#0 /home/welf/Applications/php/Welfarearo/app/Models/Account/DonationRequest.php(13): CodeIgniter\Debug\Exceptions->errorHandler()
#1 /home/welf/Applications/php/Welfarearo/app/Controllers/RequestDonation.php(78): App\Models\DonationRequest->request_donation()
#2 /home/welf/Applications/php/Welfarearo/system/CodeIgniter.php(832): App\Controllers\RequestDonation->request_donation()
#3 /home/welf/Applications/php/Welfarearo/system/CodeIgniter.php(419): CodeIgniter\CodeIgniter->runController()
#4 /home/welf/Applications/php/Welfarearo/system/CodeIgniter.php(326): CodeIgniter\CodeIgniter->handleRequest()
#5 /home/welf/domains/welfarearo/index.php(37): CodeIgniter\CodeIgniter->run()
#6 {main}
CRITICAL - 2024-05-07 23:07:39 --> Undefined index: blood_group
#0 /home/welf/Applications/php/Welfarearo/app/Models/Account/DonationRequest.php(13): CodeIgniter\Debug\Exceptions->errorHandler()
#1 /home/welf/Applications/php/Welfarearo/app/Controllers/RequestDonation.php(78): App\Models\DonationRequest->request_donation()
#2 /home/welf/Applications/php/Welfarearo/system/CodeIgniter.php(832): App\Controllers\RequestDonation->request_donation()
#3 /home/welf/Applications/php/Welfarearo/system/CodeIgniter.php(419): CodeIgniter\CodeIgniter->runController()
#4 /home/welf/Applications/php/Welfarearo/system/CodeIgniter.php(326): CodeIgniter\CodeIgniter->handleRequest()
#5 /home/welf/domains/welfarearo/index.php(37): CodeIgniter\CodeIgniter->run()
#6 {main}
CRITICAL - 2024-05-07 23:09:34 --> Undefined index: blood_group
#0 /home/welf/Applications/php/Welfarearo/app/Models/Account/DonationRequest.php(13): CodeIgniter\Debug\Exceptions->errorHandler()
#1 /home/welf/Applications/php/Welfarearo/app/Controllers/RequestDonation.php(78): App\Models\DonationRequest->request_donation()
#2 /home/welf/Applications/php/Welfarearo/system/CodeIgniter.php(832): App\Controllers\RequestDonation->request_donation()
#3 /home/welf/Applications/php/Welfarearo/system/CodeIgniter.php(419): CodeIgniter\CodeIgniter->runController()
#4 /home/welf/Applications/php/Welfarearo/system/CodeIgniter.php(326): CodeIgniter\CodeIgniter->handleRequest()
#5 /home/welf/domains/welfarearo/index.php(37): CodeIgniter\CodeIgniter->run()
#6 {main}
CRITICAL - 2024-05-07 23:20:48 --> Undefined index: blood_type
#0 /home/welf/Applications/php/Welfarearo/app/Controllers/Profile.php(218): CodeIgniter\Debug\Exceptions->errorHandler()
#1 /home/welf/Applications/php/Welfarearo/system/CodeIgniter.php(832): App\Controllers\Profile->save_name_s()
#2 /home/welf/Applications/php/Welfarearo/system/CodeIgniter.php(419): CodeIgniter\CodeIgniter->runController()
#3 /home/welf/Applications/php/Welfarearo/system/CodeIgniter.php(326): CodeIgniter\CodeIgniter->handleRequest()
#4 /home/welf/domains/welfarearo/index.php(37): CodeIgniter\CodeIgniter->run()
#5 {main}
CRITICAL - 2024-05-07 23:35:06 --> Undefined index: blood_type
#0 /home/welf/Applications/php/Welfarearo/app/Controllers/Profile.php(218): CodeIgniter\Debug\Exceptions->errorHandler()
#1 /home/welf/Applications/php/Welfarearo/system/CodeIgniter.php(832): App\Controllers\Profile->save_name_s()
#2 /home/welf/Applications/php/Welfarearo/system/CodeIgniter.php(419): CodeIgniter\CodeIgniter->runController()
#3 /home/welf/Applications/php/Welfarearo/system/CodeIgniter.php(326): CodeIgniter\CodeIgniter->handleRequest()
#4 /home/welf/domains/welfarearo/index.php(37): CodeIgniter\CodeIgniter->run()
#5 {main}
