CRITICAL - 2022-05-20 00:27:30 --> Undefined variable: requester_id
#0 /home/welf/Applications/php/Welfarearo/app/Controllers/ClaimDonation.php(19): CodeIgniter\Debug\Exceptions->errorHandler()
#1 /home/welf/Applications/php/Welfarearo/system/CodeIgniter.php(832): App\Controllers\ClaimDonation->index()
#2 /home/welf/Applications/php/Welfarearo/system/CodeIgniter.php(419): CodeIgniter\CodeIgniter->runController()
#3 /home/welf/Applications/php/Welfarearo/system/CodeIgniter.php(326): CodeIgniter\CodeIgniter->handleRequest()
#4 /home/welf/domains/welfarearo/index.php(37): CodeIgniter\CodeIgniter->run()
#5 {main}
CRITICAL - 2022-05-20 00:27:34 --> Undefined variable: requester_id
#0 /home/welf/Applications/php/Welfarearo/app/Controllers/ClaimDonation.php(19): CodeIgniter\Debug\Exceptions->errorHandler()
#1 /home/welf/Applications/php/Welfarearo/system/CodeIgniter.php(832): App\Controllers\ClaimDonation->index()
#2 /home/welf/Applications/php/Welfarearo/system/CodeIgniter.php(419): CodeIgniter\CodeIgniter->runController()
#3 /home/welf/Applications/php/Welfarearo/system/CodeIgniter.php(326): CodeIgniter\CodeIgniter->handleRequest()
#4 /home/welf/domains/welfarearo/index.php(37): CodeIgniter\CodeIgniter->run()
#5 {main}
CRITICAL - 2022-05-20 00:27:45 --> Undefined variable: requester_id
#0 /home/welf/Applications/php/Welfarearo/app/Controllers/ClaimDonation.php(19): CodeIgniter\Debug\Exceptions->errorHandler()
#1 /home/welf/Applications/php/Welfarearo/system/CodeIgniter.php(832): App\Controllers\ClaimDonation->index()
#2 /home/welf/Applications/php/Welfarearo/system/CodeIgniter.php(419): CodeIgniter\CodeIgniter->runController()
#3 /home/welf/Applications/php/Welfarearo/system/CodeIgniter.php(326): CodeIgniter\CodeIgniter->handleRequest()
#4 /home/welf/domains/welfarearo/index.php(37): CodeIgniter\CodeIgniter->run()
#5 {main}
CRITICAL - 2022-05-20 00:29:05 --> Undefined variable: requester_id
#0 /home/welf/Applications/php/Welfarearo/app/Controllers/ClaimDonation.php(19): CodeIgniter\Debug\Exceptions->errorHandler()
#1 /home/welf/Applications/php/Welfarearo/system/CodeIgniter.php(832): App\Controllers\ClaimDonation->index()
#2 /home/welf/Applications/php/Welfarearo/system/CodeIgniter.php(419): CodeIgniter\CodeIgniter->runController()
#3 /home/welf/Applications/php/Welfarearo/system/CodeIgniter.php(326): CodeIgniter\CodeIgniter->handleRequest()
#4 /home/welf/domains/welfarearo/index.php(37): CodeIgniter\CodeIgniter->run()
#5 {main}
CRITICAL - 2022-05-20 00:31:21 --> Undefined variable: donation_id
#0 /home/welf/Applications/php/Welfarearo/app/Controllers/ClaimDonation.php(19): CodeIgniter\Debug\Exceptions->errorHandler()
#1 /home/welf/Applications/php/Welfarearo/system/CodeIgniter.php(832): App\Controllers\ClaimDonation->index()
#2 /home/welf/Applications/php/Welfarearo/system/CodeIgniter.php(419): CodeIgniter\CodeIgniter->runController()
#3 /home/welf/Applications/php/Welfarearo/system/CodeIgniter.php(326): CodeIgniter\CodeIgniter->handleRequest()
#4 /home/welf/domains/welfarearo/index.php(37): CodeIgniter\CodeIgniter->run()
#5 {main}
CRITICAL - 2022-05-20 04:21:07 --> Undefined variable: claim_check
#0 /home/welf/Applications/php/Welfarearo/app/Views/scripts/history_page_script.php(3): CodeIgniter\Debug\Exceptions->errorHandler()
#1 /home/welf/Applications/php/Welfarearo/system/View/View.php(210): include('/home/welf/Appl...')
#2 /home/welf/Applications/php/Welfarearo/system/View/View.php(213): CodeIgniter\View\View->CodeIgniter\View\{closure}()
#3 /home/welf/Applications/php/Welfarearo/system/Common.php(1089): CodeIgniter\View\View->render()
#4 /home/welf/Applications/php/Welfarearo/app/Controllers/History.php(21): view()
#5 /home/welf/Applications/php/Welfarearo/system/CodeIgniter.php(832): App\Controllers\History->index()
#6 /home/welf/Applications/php/Welfarearo/system/CodeIgniter.php(419): CodeIgniter\CodeIgniter->runController()
#7 /home/welf/Applications/php/Welfarearo/system/CodeIgniter.php(326): CodeIgniter\CodeIgniter->handleRequest()
#8 /home/welf/domains/welfarearo/index.php(37): CodeIgniter\CodeIgniter->run()
#9 {main}
CRITICAL - 2022-05-20 05:28:26 --> Undefined property: stdClass::$idonation_id
#0 /home/welf/Applications/php/Welfarearo/app/Views/history.php(229): CodeIgniter\Debug\Exceptions->errorHandler()
#1 /home/welf/Applications/php/Welfarearo/system/View/View.php(210): include('/home/welf/Appl...')
#2 /home/welf/Applications/php/Welfarearo/system/View/View.php(213): CodeIgniter\View\View->CodeIgniter\View\{closure}()
#3 /home/welf/Applications/php/Welfarearo/system/Common.php(1089): CodeIgniter\View\View->render()
#4 /home/welf/Applications/php/Welfarearo/app/Controllers/History.php(18): view()
#5 /home/welf/Applications/php/Welfarearo/system/CodeIgniter.php(832): App\Controllers\History->index()
#6 /home/welf/Applications/php/Welfarearo/system/CodeIgniter.php(419): CodeIgniter\CodeIgniter->runController()
#7 /home/welf/Applications/php/Welfarearo/system/CodeIgniter.php(326): CodeIgniter\CodeIgniter->handleRequest()
#8 /home/welf/domains/welfarearo/index.php(37): CodeIgniter\CodeIgniter->run()
#9 {main}
CRITICAL - 2022-05-20 06:00:36 --> Undefined property: stdClass::$active
#0 /home/welf/Applications/php/Welfarearo/app/Views/history.php(202): CodeIgniter\Debug\Exceptions->errorHandler()
#1 /home/welf/Applications/php/Welfarearo/system/View/View.php(210): include('/home/welf/Appl...')
#2 /home/welf/Applications/php/Welfarearo/system/View/View.php(213): CodeIgniter\View\View->CodeIgniter\View\{closure}()
#3 /home/welf/Applications/php/Welfarearo/system/Common.php(1089): CodeIgniter\View\View->render()
#4 /home/welf/Applications/php/Welfarearo/app/Controllers/History.php(18): view()
#5 /home/welf/Applications/php/Welfarearo/system/CodeIgniter.php(832): App\Controllers\History->index()
#6 /home/welf/Applications/php/Welfarearo/system/CodeIgniter.php(419): CodeIgniter\CodeIgniter->runController()
#7 /home/welf/Applications/php/Welfarearo/system/CodeIgniter.php(326): CodeIgniter\CodeIgniter->handleRequest()
#8 /home/welf/domains/welfarearo/index.php(37): CodeIgniter\CodeIgniter->run()
#9 {main}
ERROR - 2022-05-20 06:56:06 --> Unknown column 'front_claims' in 'field list'
CRITICAL - 2022-05-20 06:56:06 --> Unknown column 'front_claims' in 'field list'
#0 /home/welf/Applications/php/Welfarearo/system/Database/MySQLi/Connection.php(292): mysqli->query()
#1 /home/welf/Applications/php/Welfarearo/system/Database/BaseConnection.php(670): CodeIgniter\Database\MySQLi\Connection->execute()
#2 /home/welf/Applications/php/Welfarearo/system/Database/BaseConnection.php(598): CodeIgniter\Database\BaseConnection->simpleQuery()
#3 /home/welf/Applications/php/Welfarearo/system/Database/BaseBuilder.php(1455): CodeIgniter\Database\BaseConnection->query()
#4 /home/welf/Applications/php/Welfarearo/app/Helpers/shuja_helper.php(156): CodeIgniter\Database\BaseBuilder->get()
#5 /home/welf/Applications/php/Welfarearo/app/Views/history.php(250): donation_claimed_to()
#6 /home/welf/Applications/php/Welfarearo/system/View/View.php(210): include('/home/welf/Appl...')
#7 /home/welf/Applications/php/Welfarearo/system/View/View.php(213): CodeIgniter\View\View->CodeIgniter\View\{closure}()
#8 /home/welf/Applications/php/Welfarearo/system/Common.php(1089): CodeIgniter\View\View->render()
#9 /home/welf/Applications/php/Welfarearo/app/Controllers/History.php(18): view()
#10 /home/welf/Applications/php/Welfarearo/system/CodeIgniter.php(832): App\Controllers\History->index()
#11 /home/welf/Applications/php/Welfarearo/system/CodeIgniter.php(419): CodeIgniter\CodeIgniter->runController()
#12 /home/welf/Applications/php/Welfarearo/system/CodeIgniter.php(326): CodeIgniter\CodeIgniter->handleRequest()
#13 /home/welf/domains/welfarearo/index.php(37): CodeIgniter\CodeIgniter->run()
#14 {main}
ERROR - 2022-05-20 06:57:19 --> Unknown column 'front_claims' in 'field list'
CRITICAL - 2022-05-20 06:57:19 --> Unknown column 'front_claims' in 'field list'
#0 /home/welf/Applications/php/Welfarearo/system/Database/MySQLi/Connection.php(292): mysqli->query()
#1 /home/welf/Applications/php/Welfarearo/system/Database/BaseConnection.php(670): CodeIgniter\Database\MySQLi\Connection->execute()
#2 /home/welf/Applications/php/Welfarearo/system/Database/BaseConnection.php(598): CodeIgniter\Database\BaseConnection->simpleQuery()
#3 /home/welf/Applications/php/Welfarearo/system/Database/BaseBuilder.php(1455): CodeIgniter\Database\BaseConnection->query()
#4 /home/welf/Applications/php/Welfarearo/app/Helpers/shuja_helper.php(156): CodeIgniter\Database\BaseBuilder->get()
#5 /home/welf/Applications/php/Welfarearo/app/Views/history.php(250): donation_claimed_to()
#6 /home/welf/Applications/php/Welfarearo/system/View/View.php(210): include('/home/welf/Appl...')
#7 /home/welf/Applications/php/Welfarearo/system/View/View.php(213): CodeIgniter\View\View->CodeIgniter\View\{closure}()
#8 /home/welf/Applications/php/Welfarearo/system/Common.php(1089): CodeIgniter\View\View->render()
#9 /home/welf/Applications/php/Welfarearo/app/Controllers/History.php(18): view()
#10 /home/welf/Applications/php/Welfarearo/system/CodeIgniter.php(832): App\Controllers\History->index()
#11 /home/welf/Applications/php/Welfarearo/system/CodeIgniter.php(419): CodeIgniter\CodeIgniter->runController()
#12 /home/welf/Applications/php/Welfarearo/system/CodeIgniter.php(326): CodeIgniter\CodeIgniter->handleRequest()
#13 /home/welf/domains/welfarearo/index.php(37): CodeIgniter\CodeIgniter->run()
#14 {main}
ERROR - 2022-05-20 06:58:02 --> Unknown column 'donation_id' in 'where clause'
CRITICAL - 2022-05-20 06:58:02 --> Unknown column 'donation_id' in 'where clause'
#0 /home/welf/Applications/php/Welfarearo/system/Database/MySQLi/Connection.php(292): mysqli->query()
#1 /home/welf/Applications/php/Welfarearo/system/Database/BaseConnection.php(670): CodeIgniter\Database\MySQLi\Connection->execute()
#2 /home/welf/Applications/php/Welfarearo/system/Database/BaseConnection.php(598): CodeIgniter\Database\BaseConnection->simpleQuery()
#3 /home/welf/Applications/php/Welfarearo/system/Database/BaseBuilder.php(1455): CodeIgniter\Database\BaseConnection->query()
#4 /home/welf/Applications/php/Welfarearo/app/Helpers/shuja_helper.php(156): CodeIgniter\Database\BaseBuilder->get()
#5 /home/welf/Applications/php/Welfarearo/app/Views/history.php(250): donation_claimed_to()
#6 /home/welf/Applications/php/Welfarearo/system/View/View.php(210): include('/home/welf/Appl...')
#7 /home/welf/Applications/php/Welfarearo/system/View/View.php(213): CodeIgniter\View\View->CodeIgniter\View\{closure}()
#8 /home/welf/Applications/php/Welfarearo/system/Common.php(1089): CodeIgniter\View\View->render()
#9 /home/welf/Applications/php/Welfarearo/app/Controllers/History.php(18): view()
#10 /home/welf/Applications/php/Welfarearo/system/CodeIgniter.php(832): App\Controllers\History->index()
#11 /home/welf/Applications/php/Welfarearo/system/CodeIgniter.php(419): CodeIgniter\CodeIgniter->runController()
#12 /home/welf/Applications/php/Welfarearo/system/CodeIgniter.php(326): CodeIgniter\CodeIgniter->handleRequest()
#13 /home/welf/domains/welfarearo/index.php(37): CodeIgniter\CodeIgniter->run()
#14 {main}
CRITICAL - 2022-05-20 07:10:29 --> Undefined index: donttl
#0 /home/welf/Applications/php/Welfarearo/app/Controllers/History.php(86): CodeIgniter\Debug\Exceptions->errorHandler()
#1 /home/welf/Applications/php/Welfarearo/system/CodeIgniter.php(832): App\Controllers\History->reject()
#2 /home/welf/Applications/php/Welfarearo/system/CodeIgniter.php(419): CodeIgniter\CodeIgniter->runController()
#3 /home/welf/Applications/php/Welfarearo/system/CodeIgniter.php(326): CodeIgniter\CodeIgniter->handleRequest()
#4 /home/welf/domains/welfarearo/index.php(37): CodeIgniter\CodeIgniter->run()
#5 {main}
ERROR - 2022-05-20 07:25:00 --> Unknown column 'approved' in 'field list'
CRITICAL - 2022-05-20 07:25:00 --> Unknown column 'approved' in 'field list'
#0 /home/welf/Applications/php/Welfarearo/system/Database/MySQLi/Connection.php(292): mysqli->query()
#1 /home/welf/Applications/php/Welfarearo/system/Database/BaseConnection.php(670): CodeIgniter\Database\MySQLi\Connection->execute()
#2 /home/welf/Applications/php/Welfarearo/system/Database/BaseConnection.php(598): CodeIgniter\Database\BaseConnection->simpleQuery()
#3 /home/welf/Applications/php/Welfarearo/system/Database/BaseBuilder.php(1913): CodeIgniter\Database\BaseConnection->query()
#4 /home/welf/Applications/php/Welfarearo/app/Controllers/History.php(130): CodeIgniter\Database\BaseBuilder->update()
#5 /home/welf/Applications/php/Welfarearo/system/CodeIgniter.php(832): App\Controllers\History->delete_don()
#6 /home/welf/Applications/php/Welfarearo/system/CodeIgniter.php(419): CodeIgniter\CodeIgniter->runController()
#7 /home/welf/Applications/php/Welfarearo/system/CodeIgniter.php(326): CodeIgniter\CodeIgniter->handleRequest()
#8 /home/welf/domains/welfarearo/index.php(37): CodeIgniter\CodeIgniter->run()
#9 {main}
ERROR - 2022-05-20 07:52:24 --> Unknown column 'active' in 'field list'
CRITICAL - 2022-05-20 07:52:24 --> Unknown column 'active' in 'field list'
#0 /home/welf/Applications/php/Welfarearo/system/Database/MySQLi/Connection.php(292): mysqli->query()
#1 /home/welf/Applications/php/Welfarearo/system/Database/BaseConnection.php(670): CodeIgniter\Database\MySQLi\Connection->execute()
#2 /home/welf/Applications/php/Welfarearo/system/Database/BaseConnection.php(598): CodeIgniter\Database\BaseConnection->simpleQuery()
#3 /home/welf/Applications/php/Welfarearo/system/Database/BaseBuilder.php(1913): CodeIgniter\Database\BaseConnection->query()
#4 /home/welf/Applications/php/Welfarearo/app/Controllers/History.php(78): CodeIgniter\Database\BaseBuilder->update()
#5 /home/welf/Applications/php/Welfarearo/system/CodeIgniter.php(832): App\Controllers\History->approve()
#6 /home/welf/Applications/php/Welfarearo/system/CodeIgniter.php(419): CodeIgniter\CodeIgniter->runController()
#7 /home/welf/Applications/php/Welfarearo/system/CodeIgniter.php(326): CodeIgniter\CodeIgniter->handleRequest()
#8 /home/welf/domains/welfarearo/index.php(37): CodeIgniter\CodeIgniter->run()
#9 {main}
CRITICAL - 2022-05-20 08:02:08 --> Undefined index: status
#0 /home/welf/Applications/php/Welfarearo/app/Controllers/Backend/Login.php(40): CodeIgniter\Debug\Exceptions->errorHandler()
#1 /home/welf/Applications/php/Welfarearo/system/CodeIgniter.php(832): App\Controllers\Backend\Login->index()
#2 /home/welf/Applications/php/Welfarearo/system/CodeIgniter.php(419): CodeIgniter\CodeIgniter->runController()
#3 /home/welf/Applications/php/Welfarearo/system/CodeIgniter.php(326): CodeIgniter\CodeIgniter->handleRequest()
#4 /home/welf/domains/welfarearo/index.php(37): CodeIgniter\CodeIgniter->run()
#5 {main}
CRITICAL - 2022-05-20 17:33:29 --> Call to undefined function App\Controllers\Backend\is_back_user_logged()
#0 /home/welf/Applications/php/Welfarearo/system/CodeIgniter.php(832): App\Controllers\Backend\Approvels->index()
#1 /home/welf/Applications/php/Welfarearo/system/CodeIgniter.php(419): CodeIgniter\CodeIgniter->runController()
#2 /home/welf/Applications/php/Welfarearo/system/CodeIgniter.php(326): CodeIgniter\CodeIgniter->handleRequest()
#3 /home/welf/domains/welfarearo/index.php(37): CodeIgniter\CodeIgniter->run()
#4 {main}
CRITICAL - 2022-05-20 17:34:11 --> Call to undefined function App\Controllers\Backend\is_back_user_logged()
#0 /home/welf/Applications/php/Welfarearo/system/CodeIgniter.php(832): App\Controllers\Backend\Approvels->index()
#1 /home/welf/Applications/php/Welfarearo/system/CodeIgniter.php(419): CodeIgniter\CodeIgniter->runController()
#2 /home/welf/Applications/php/Welfarearo/system/CodeIgniter.php(326): CodeIgniter\CodeIgniter->handleRequest()
#3 /home/welf/domains/welfarearo/index.php(37): CodeIgniter\CodeIgniter->run()
#4 {main}
CRITICAL - 2022-05-20 18:21:59 --> Undefined property: stdClass::$requester_id
#0 /home/welf/Applications/php/Welfarearo/app/Views/backend/approvels.php(65): CodeIgniter\Debug\Exceptions->errorHandler()
#1 /home/welf/Applications/php/Welfarearo/system/View/View.php(210): include('/home/welf/Appl...')
#2 /home/welf/Applications/php/Welfarearo/system/View/View.php(213): CodeIgniter\View\View->CodeIgniter\View\{closure}()
#3 /home/welf/Applications/php/Welfarearo/system/Common.php(1089): CodeIgniter\View\View->render()
#4 /home/welf/Applications/php/Welfarearo/app/Controllers/Backend/Approvels.php(20): view()
#5 /home/welf/Applications/php/Welfarearo/system/CodeIgniter.php(832): App\Controllers\Backend\Approvels->index()
#6 /home/welf/Applications/php/Welfarearo/system/CodeIgniter.php(419): CodeIgniter\CodeIgniter->runController()
#7 /home/welf/Applications/php/Welfarearo/system/CodeIgniter.php(326): CodeIgniter\CodeIgniter->handleRequest()
#8 /home/welf/domains/welfarearo/index.php(37): CodeIgniter\CodeIgniter->run()
#9 {main}
CRITICAL - 2022-05-20 18:22:10 --> Undefined property: stdClass::$requester_id
#0 /home/welf/Applications/php/Welfarearo/app/Views/backend/approvels.php(65): CodeIgniter\Debug\Exceptions->errorHandler()
#1 /home/welf/Applications/php/Welfarearo/system/View/View.php(210): include('/home/welf/Appl...')
#2 /home/welf/Applications/php/Welfarearo/system/View/View.php(213): CodeIgniter\View\View->CodeIgniter\View\{closure}()
#3 /home/welf/Applications/php/Welfarearo/system/Common.php(1089): CodeIgniter\View\View->render()
#4 /home/welf/Applications/php/Welfarearo/app/Controllers/Backend/Approvels.php(20): view()
#5 /home/welf/Applications/php/Welfarearo/system/CodeIgniter.php(832): App\Controllers\Backend\Approvels->index()
#6 /home/welf/Applications/php/Welfarearo/system/CodeIgniter.php(419): CodeIgniter\CodeIgniter->runController()
#7 /home/welf/Applications/php/Welfarearo/system/CodeIgniter.php(326): CodeIgniter\CodeIgniter->handleRequest()
#8 /home/welf/domains/welfarearo/index.php(37): CodeIgniter\CodeIgniter->run()
#9 {main}
CRITICAL - 2022-05-20 18:22:55 --> Undefined variable: row2
#0 /home/welf/Applications/php/Welfarearo/app/Views/backend/approvels.php(67): CodeIgniter\Debug\Exceptions->errorHandler()
#1 /home/welf/Applications/php/Welfarearo/system/View/View.php(210): include('/home/welf/Appl...')
#2 /home/welf/Applications/php/Welfarearo/system/View/View.php(213): CodeIgniter\View\View->CodeIgniter\View\{closure}()
#3 /home/welf/Applications/php/Welfarearo/system/Common.php(1089): CodeIgniter\View\View->render()
#4 /home/welf/Applications/php/Welfarearo/app/Controllers/Backend/Approvels.php(20): view()
#5 /home/welf/Applications/php/Welfarearo/system/CodeIgniter.php(832): App\Controllers\Backend\Approvels->index()
#6 /home/welf/Applications/php/Welfarearo/system/CodeIgniter.php(419): CodeIgniter\CodeIgniter->runController()
#7 /home/welf/Applications/php/Welfarearo/system/CodeIgniter.php(326): CodeIgniter\CodeIgniter->handleRequest()
#8 /home/welf/domains/welfarearo/index.php(37): CodeIgniter\CodeIgniter->run()
#9 {main}
CRITICAL - 2022-05-20 18:23:03 --> Undefined variable: row2
#0 /home/welf/Applications/php/Welfarearo/app/Views/backend/approvels.php(67): CodeIgniter\Debug\Exceptions->errorHandler()
#1 /home/welf/Applications/php/Welfarearo/system/View/View.php(210): include('/home/welf/Appl...')
#2 /home/welf/Applications/php/Welfarearo/system/View/View.php(213): CodeIgniter\View\View->CodeIgniter\View\{closure}()
#3 /home/welf/Applications/php/Welfarearo/system/Common.php(1089): CodeIgniter\View\View->render()
#4 /home/welf/Applications/php/Welfarearo/app/Controllers/Backend/Approvels.php(20): view()
#5 /home/welf/Applications/php/Welfarearo/system/CodeIgniter.php(832): App\Controllers\Backend\Approvels->index()
#6 /home/welf/Applications/php/Welfarearo/system/CodeIgniter.php(419): CodeIgniter\CodeIgniter->runController()
#7 /home/welf/Applications/php/Welfarearo/system/CodeIgniter.php(326): CodeIgniter\CodeIgniter->handleRequest()
#8 /home/welf/domains/welfarearo/index.php(37): CodeIgniter\CodeIgniter->run()
#9 {main}
CRITICAL - 2022-05-20 18:33:08 --> Undefined property: stdClass::$donation_type
#0 /home/welf/Applications/php/Welfarearo/app/Views/backend/approvels.php(74): CodeIgniter\Debug\Exceptions->errorHandler()
#1 /home/welf/Applications/php/Welfarearo/system/View/View.php(210): include('/home/welf/Appl...')
#2 /home/welf/Applications/php/Welfarearo/system/View/View.php(213): CodeIgniter\View\View->CodeIgniter\View\{closure}()
#3 /home/welf/Applications/php/Welfarearo/system/Common.php(1089): CodeIgniter\View\View->render()
#4 /home/welf/Applications/php/Welfarearo/app/Controllers/Backend/Approvels.php(20): view()
#5 /home/welf/Applications/php/Welfarearo/system/CodeIgniter.php(832): App\Controllers\Backend\Approvels->index()
#6 /home/welf/Applications/php/Welfarearo/system/CodeIgniter.php(419): CodeIgniter\CodeIgniter->runController()
#7 /home/welf/Applications/php/Welfarearo/system/CodeIgniter.php(326): CodeIgniter\CodeIgniter->handleRequest()
#8 /home/welf/domains/welfarearo/index.php(37): CodeIgniter\CodeIgniter->run()
#9 {main}
CRITICAL - 2022-05-20 18:33:13 --> Undefined property: stdClass::$donation_type
#0 /home/welf/Applications/php/Welfarearo/app/Views/backend/approvels.php(74): CodeIgniter\Debug\Exceptions->errorHandler()
#1 /home/welf/Applications/php/Welfarearo/system/View/View.php(210): include('/home/welf/Appl...')
#2 /home/welf/Applications/php/Welfarearo/system/View/View.php(213): CodeIgniter\View\View->CodeIgniter\View\{closure}()
#3 /home/welf/Applications/php/Welfarearo/system/Common.php(1089): CodeIgniter\View\View->render()
#4 /home/welf/Applications/php/Welfarearo/app/Controllers/Backend/Approvels.php(20): view()
#5 /home/welf/Applications/php/Welfarearo/system/CodeIgniter.php(832): App\Controllers\Backend\Approvels->index()
#6 /home/welf/Applications/php/Welfarearo/system/CodeIgniter.php(419): CodeIgniter\CodeIgniter->runController()
#7 /home/welf/Applications/php/Welfarearo/system/CodeIgniter.php(326): CodeIgniter\CodeIgniter->handleRequest()
#8 /home/welf/domains/welfarearo/index.php(37): CodeIgniter\CodeIgniter->run()
#9 {main}
CRITICAL - 2022-05-20 21:47:22 --> Invalid file: backend/manage_script.php
#0 /home/welf/Applications/php/Welfarearo/system/View/View.php(198): CodeIgniter\Exceptions\FrameworkException::forInvalidFile()
#1 /home/welf/Applications/php/Welfarearo/system/Common.php(1089): CodeIgniter\View\View->render()
#2 /home/welf/Applications/php/Welfarearo/app/Controllers/Backend/ManageUsers.php(22): view()
#3 /home/welf/Applications/php/Welfarearo/system/CodeIgniter.php(832): App\Controllers\Backend\ManageUsers->index()
#4 /home/welf/Applications/php/Welfarearo/system/CodeIgniter.php(419): CodeIgniter\CodeIgniter->runController()
#5 /home/welf/Applications/php/Welfarearo/system/CodeIgniter.php(326): CodeIgniter\CodeIgniter->handleRequest()
#6 /home/welf/domains/welfarearo/index.php(37): CodeIgniter\CodeIgniter->run()
#7 {main}
CRITICAL - 2022-05-20 21:52:17 --> Undefined property: stdClass::$front_user_id
#0 /home/welf/Applications/php/Welfarearo/app/Views/backend/manage_users.php(64): CodeIgniter\Debug\Exceptions->errorHandler()
#1 /home/welf/Applications/php/Welfarearo/system/View/View.php(210): include('/home/welf/Appl...')
#2 /home/welf/Applications/php/Welfarearo/system/View/View.php(213): CodeIgniter\View\View->CodeIgniter\View\{closure}()
#3 /home/welf/Applications/php/Welfarearo/system/Common.php(1089): CodeIgniter\View\View->render()
#4 /home/welf/Applications/php/Welfarearo/app/Controllers/Backend/ManageUsers.php(20): view()
#5 /home/welf/Applications/php/Welfarearo/system/CodeIgniter.php(832): App\Controllers\Backend\ManageUsers->index()
#6 /home/welf/Applications/php/Welfarearo/system/CodeIgniter.php(419): CodeIgniter\CodeIgniter->runController()
#7 /home/welf/Applications/php/Welfarearo/system/CodeIgniter.php(326): CodeIgniter\CodeIgniter->handleRequest()
#8 /home/welf/domains/welfarearo/index.php(37): CodeIgniter\CodeIgniter->run()
#9 {main}
CRITICAL - 2022-05-20 21:52:23 --> Undefined property: stdClass::$front_user_id
#0 /home/welf/Applications/php/Welfarearo/app/Views/backend/manage_users.php(64): CodeIgniter\Debug\Exceptions->errorHandler()
#1 /home/welf/Applications/php/Welfarearo/system/View/View.php(210): include('/home/welf/Appl...')
#2 /home/welf/Applications/php/Welfarearo/system/View/View.php(213): CodeIgniter\View\View->CodeIgniter\View\{closure}()
#3 /home/welf/Applications/php/Welfarearo/system/Common.php(1089): CodeIgniter\View\View->render()
#4 /home/welf/Applications/php/Welfarearo/app/Controllers/Backend/ManageUsers.php(20): view()
#5 /home/welf/Applications/php/Welfarearo/system/CodeIgniter.php(832): App\Controllers\Backend\ManageUsers->index()
#6 /home/welf/Applications/php/Welfarearo/system/CodeIgniter.php(419): CodeIgniter\CodeIgniter->runController()
#7 /home/welf/Applications/php/Welfarearo/system/CodeIgniter.php(326): CodeIgniter\CodeIgniter->handleRequest()
#8 /home/welf/domains/welfarearo/index.php(37): CodeIgniter\CodeIgniter->run()
#9 {main}
CRITICAL - 2022-05-20 21:54:29 --> Undefined property: stdClass::$front_user_id
#0 /home/welf/Applications/php/Welfarearo/app/Views/backend/manage_users.php(64): CodeIgniter\Debug\Exceptions->errorHandler()
#1 /home/welf/Applications/php/Welfarearo/system/View/View.php(210): include('/home/welf/Appl...')
#2 /home/welf/Applications/php/Welfarearo/system/View/View.php(213): CodeIgniter\View\View->CodeIgniter\View\{closure}()
#3 /home/welf/Applications/php/Welfarearo/system/Common.php(1089): CodeIgniter\View\View->render()
#4 /home/welf/Applications/php/Welfarearo/app/Controllers/Backend/ManageUsers.php(20): view()
#5 /home/welf/Applications/php/Welfarearo/system/CodeIgniter.php(832): App\Controllers\Backend\ManageUsers->index()
#6 /home/welf/Applications/php/Welfarearo/system/CodeIgniter.php(419): CodeIgniter\CodeIgniter->runController()
#7 /home/welf/Applications/php/Welfarearo/system/CodeIgniter.php(326): CodeIgniter\CodeIgniter->handleRequest()
#8 /home/welf/domains/welfarearo/index.php(37): CodeIgniter\CodeIgniter->run()
#9 {main}
CRITICAL - 2022-05-20 21:54:35 --> Undefined property: stdClass::$front_user_id
#0 /home/welf/Applications/php/Welfarearo/app/Views/backend/manage_users.php(64): CodeIgniter\Debug\Exceptions->errorHandler()
#1 /home/welf/Applications/php/Welfarearo/system/View/View.php(210): include('/home/welf/Appl...')
#2 /home/welf/Applications/php/Welfarearo/system/View/View.php(213): CodeIgniter\View\View->CodeIgniter\View\{closure}()
#3 /home/welf/Applications/php/Welfarearo/system/Common.php(1089): CodeIgniter\View\View->render()
#4 /home/welf/Applications/php/Welfarearo/app/Controllers/Backend/ManageUsers.php(19): view()
#5 /home/welf/Applications/php/Welfarearo/system/CodeIgniter.php(832): App\Controllers\Backend\ManageUsers->index()
#6 /home/welf/Applications/php/Welfarearo/system/CodeIgniter.php(419): CodeIgniter\CodeIgniter->runController()
#7 /home/welf/Applications/php/Welfarearo/system/CodeIgniter.php(326): CodeIgniter\CodeIgniter->handleRequest()
#8 /home/welf/domains/welfarearo/index.php(37): CodeIgniter\CodeIgniter->run()
#9 {main}
CRITICAL - 2022-05-20 21:54:42 --> Undefined property: stdClass::$front_user_id
#0 /home/welf/Applications/php/Welfarearo/app/Views/backend/manage_users.php(64): CodeIgniter\Debug\Exceptions->errorHandler()
#1 /home/welf/Applications/php/Welfarearo/system/View/View.php(210): include('/home/welf/Appl...')
#2 /home/welf/Applications/php/Welfarearo/system/View/View.php(213): CodeIgniter\View\View->CodeIgniter\View\{closure}()
#3 /home/welf/Applications/php/Welfarearo/system/Common.php(1089): CodeIgniter\View\View->render()
#4 /home/welf/Applications/php/Welfarearo/app/Controllers/Backend/ManageUsers.php(19): view()
#5 /home/welf/Applications/php/Welfarearo/system/CodeIgniter.php(832): App\Controllers\Backend\ManageUsers->index()
#6 /home/welf/Applications/php/Welfarearo/system/CodeIgniter.php(419): CodeIgniter\CodeIgniter->runController()
#7 /home/welf/Applications/php/Welfarearo/system/CodeIgniter.php(326): CodeIgniter\CodeIgniter->handleRequest()
#8 /home/welf/domains/welfarearo/index.php(37): CodeIgniter\CodeIgniter->run()
#9 {main}
CRITICAL - 2022-05-20 21:54:59 --> Undefined property: stdClass::$front_user_id
#0 /home/welf/Applications/php/Welfarearo/app/Views/backend/manage_users.php(64): CodeIgniter\Debug\Exceptions->errorHandler()
#1 /home/welf/Applications/php/Welfarearo/system/View/View.php(210): include('/home/welf/Appl...')
#2 /home/welf/Applications/php/Welfarearo/system/View/View.php(213): CodeIgniter\View\View->CodeIgniter\View\{closure}()
#3 /home/welf/Applications/php/Welfarearo/system/Common.php(1089): CodeIgniter\View\View->render()
#4 /home/welf/Applications/php/Welfarearo/app/Controllers/Backend/ManageUsers.php(19): view()
#5 /home/welf/Applications/php/Welfarearo/system/CodeIgniter.php(832): App\Controllers\Backend\ManageUsers->index()
#6 /home/welf/Applications/php/Welfarearo/system/CodeIgniter.php(419): CodeIgniter\CodeIgniter->runController()
#7 /home/welf/Applications/php/Welfarearo/system/CodeIgniter.php(326): CodeIgniter\CodeIgniter->handleRequest()
#8 /home/welf/domains/welfarearo/index.php(37): CodeIgniter\CodeIgniter->run()
#9 {main}
CRITICAL - 2022-05-20 21:56:33 --> Undefined property: stdClass::$front_user_id
#0 /home/welf/Applications/php/Welfarearo/app/Views/backend/manage_users.php(64): CodeIgniter\Debug\Exceptions->errorHandler()
#1 /home/welf/Applications/php/Welfarearo/system/View/View.php(210): include('/home/welf/Appl...')
#2 /home/welf/Applications/php/Welfarearo/system/View/View.php(213): CodeIgniter\View\View->CodeIgniter\View\{closure}()
#3 /home/welf/Applications/php/Welfarearo/system/Common.php(1089): CodeIgniter\View\View->render()
#4 /home/welf/Applications/php/Welfarearo/app/Controllers/Backend/ManageUsers.php(19): view()
#5 /home/welf/Applications/php/Welfarearo/system/CodeIgniter.php(832): App\Controllers\Backend\ManageUsers->index()
#6 /home/welf/Applications/php/Welfarearo/system/CodeIgniter.php(419): CodeIgniter\CodeIgniter->runController()
#7 /home/welf/Applications/php/Welfarearo/system/CodeIgniter.php(326): CodeIgniter\CodeIgniter->handleRequest()
#8 /home/welf/domains/welfarearo/index.php(37): CodeIgniter\CodeIgniter->run()
#9 {main}
CRITICAL - 2022-05-20 21:57:02 --> Undefined property: stdClass::$front_user_id
#0 /home/welf/Applications/php/Welfarearo/app/Views/backend/manage_users.php(61): CodeIgniter\Debug\Exceptions->errorHandler()
#1 /home/welf/Applications/php/Welfarearo/system/View/View.php(210): include('/home/welf/Appl...')
#2 /home/welf/Applications/php/Welfarearo/system/View/View.php(213): CodeIgniter\View\View->CodeIgniter\View\{closure}()
#3 /home/welf/Applications/php/Welfarearo/system/Common.php(1089): CodeIgniter\View\View->render()
#4 /home/welf/Applications/php/Welfarearo/app/Controllers/Backend/ManageUsers.php(19): view()
#5 /home/welf/Applications/php/Welfarearo/system/CodeIgniter.php(832): App\Controllers\Backend\ManageUsers->index()
#6 /home/welf/Applications/php/Welfarearo/system/CodeIgniter.php(419): CodeIgniter\CodeIgniter->runController()
#7 /home/welf/Applications/php/Welfarearo/system/CodeIgniter.php(326): CodeIgniter\CodeIgniter->handleRequest()
#8 /home/welf/domains/welfarearo/index.php(37): CodeIgniter\CodeIgniter->run()
#9 {main}
CRITICAL - 2022-05-20 21:58:42 --> Undefined property: stdClass::$fr_r_user_name
#0 /home/welf/Applications/php/Welfarearo/app/Views/backend/manage_users.php(110): CodeIgniter\Debug\Exceptions->errorHandler()
#1 /home/welf/Applications/php/Welfarearo/system/View/View.php(210): include('/home/welf/Appl...')
#2 /home/welf/Applications/php/Welfarearo/system/View/View.php(213): CodeIgniter\View\View->CodeIgniter\View\{closure}()
#3 /home/welf/Applications/php/Welfarearo/system/Common.php(1089): CodeIgniter\View\View->render()
#4 /home/welf/Applications/php/Welfarearo/app/Controllers/Backend/ManageUsers.php(19): view()
#5 /home/welf/Applications/php/Welfarearo/system/CodeIgniter.php(832): App\Controllers\Backend\ManageUsers->index()
#6 /home/welf/Applications/php/Welfarearo/system/CodeIgniter.php(419): CodeIgniter\CodeIgniter->runController()
#7 /home/welf/Applications/php/Welfarearo/system/CodeIgniter.php(326): CodeIgniter\CodeIgniter->handleRequest()
#8 /home/welf/domains/welfarearo/index.php(37): CodeIgniter\CodeIgniter->run()
#9 {main}
CRITICAL - 2022-05-20 21:59:33 --> Undefined property: stdClass::$fr_r_user_name
#0 /home/welf/Applications/php/Welfarearo/app/Views/backend/manage_users.php(65): CodeIgniter\Debug\Exceptions->errorHandler()
#1 /home/welf/Applications/php/Welfarearo/system/View/View.php(210): include('/home/welf/Appl...')
#2 /home/welf/Applications/php/Welfarearo/system/View/View.php(213): CodeIgniter\View\View->CodeIgniter\View\{closure}()
#3 /home/welf/Applications/php/Welfarearo/system/Common.php(1089): CodeIgniter\View\View->render()
#4 /home/welf/Applications/php/Welfarearo/app/Controllers/Backend/ManageUsers.php(19): view()
#5 /home/welf/Applications/php/Welfarearo/system/CodeIgniter.php(832): App\Controllers\Backend\ManageUsers->index()
#6 /home/welf/Applications/php/Welfarearo/system/CodeIgniter.php(419): CodeIgniter\CodeIgniter->runController()
#7 /home/welf/Applications/php/Welfarearo/system/CodeIgniter.php(326): CodeIgniter\CodeIgniter->handleRequest()
#8 /home/welf/domains/welfarearo/index.php(37): CodeIgniter\CodeIgniter->run()
#9 {main}
CRITICAL - 2022-05-20 22:00:24 --> Undefined property: stdClass::$fr_r_user_name
#0 /home/welf/Applications/php/Welfarearo/app/Views/backend/manage_users.php(65): CodeIgniter\Debug\Exceptions->errorHandler()
#1 /home/welf/Applications/php/Welfarearo/system/View/View.php(210): include('/home/welf/Appl...')
#2 /home/welf/Applications/php/Welfarearo/system/View/View.php(213): CodeIgniter\View\View->CodeIgniter\View\{closure}()
#3 /home/welf/Applications/php/Welfarearo/system/Common.php(1089): CodeIgniter\View\View->render()
#4 /home/welf/Applications/php/Welfarearo/app/Controllers/Backend/ManageUsers.php(19): view()
#5 /home/welf/Applications/php/Welfarearo/system/CodeIgniter.php(832): App\Controllers\Backend\ManageUsers->index()
#6 /home/welf/Applications/php/Welfarearo/system/CodeIgniter.php(419): CodeIgniter\CodeIgniter->runController()
#7 /home/welf/Applications/php/Welfarearo/system/CodeIgniter.php(326): CodeIgniter\CodeIgniter->handleRequest()
#8 /home/welf/domains/welfarearo/index.php(37): CodeIgniter\CodeIgniter->run()
#9 {main}
CRITICAL - 2022-05-20 22:03:30 --> Undefined property: stdClass::$front_user_id
#0 /home/welf/Applications/php/Welfarearo/app/Views/backend/manage_users.php(60): CodeIgniter\Debug\Exceptions->errorHandler()
#1 /home/welf/Applications/php/Welfarearo/system/View/View.php(210): include('/home/welf/Appl...')
#2 /home/welf/Applications/php/Welfarearo/system/View/View.php(213): CodeIgniter\View\View->CodeIgniter\View\{closure}()
#3 /home/welf/Applications/php/Welfarearo/system/Common.php(1089): CodeIgniter\View\View->render()
#4 /home/welf/Applications/php/Welfarearo/app/Controllers/Backend/ManageUsers.php(19): view()
#5 /home/welf/Applications/php/Welfarearo/system/CodeIgniter.php(832): App\Controllers\Backend\ManageUsers->index()
#6 /home/welf/Applications/php/Welfarearo/system/CodeIgniter.php(419): CodeIgniter\CodeIgniter->runController()
#7 /home/welf/Applications/php/Welfarearo/system/CodeIgniter.php(326): CodeIgniter\CodeIgniter->handleRequest()
#8 /home/welf/domains/welfarearo/index.php(37): CodeIgniter\CodeIgniter->run()
#9 {main}
CRITICAL - 2022-05-20 22:03:51 --> Undefined property: stdClass::$fr_r_user_name
#0 /home/welf/Applications/php/Welfarearo/app/Views/backend/manage_users.php(69): CodeIgniter\Debug\Exceptions->errorHandler()
#1 /home/welf/Applications/php/Welfarearo/system/View/View.php(210): include('/home/welf/Appl...')
#2 /home/welf/Applications/php/Welfarearo/system/View/View.php(213): CodeIgniter\View\View->CodeIgniter\View\{closure}()
#3 /home/welf/Applications/php/Welfarearo/system/Common.php(1089): CodeIgniter\View\View->render()
#4 /home/welf/Applications/php/Welfarearo/app/Controllers/Backend/ManageUsers.php(19): view()
#5 /home/welf/Applications/php/Welfarearo/system/CodeIgniter.php(832): App\Controllers\Backend\ManageUsers->index()
#6 /home/welf/Applications/php/Welfarearo/system/CodeIgniter.php(419): CodeIgniter\CodeIgniter->runController()
#7 /home/welf/Applications/php/Welfarearo/system/CodeIgniter.php(326): CodeIgniter\CodeIgniter->handleRequest()
#8 /home/welf/domains/welfarearo/index.php(37): CodeIgniter\CodeIgniter->run()
#9 {main}
CRITICAL - 2022-05-20 22:20:18 --> Call to undefined function App\Controllers\is_user_logged()
#0 /home/welf/Applications/php/Welfarearo/system/CodeIgniter.php(832): App\Controllers\RequestDonation->index()
#1 /home/welf/Applications/php/Welfarearo/system/CodeIgniter.php(419): CodeIgniter\CodeIgniter->runController()
#2 /home/welf/Applications/php/Welfarearo/system/CodeIgniter.php(326): CodeIgniter\CodeIgniter->handleRequest()
#3 /home/welf/domains/welfarearo/index.php(37): CodeIgniter\CodeIgniter->run()
#4 {main}
CRITICAL - 2022-05-20 22:21:50 --> syntax error, unexpected '"'
#0 /home/welf/Applications/php/Welfarearo/system/Router/Router.php(175): CodeIgniter\Router\Router->autoRoute()
#1 /home/welf/Applications/php/Welfarearo/system/CodeIgniter.php(726): CodeIgniter\Router\Router->handle()
#2 /home/welf/Applications/php/Welfarearo/system/CodeIgniter.php(368): CodeIgniter\CodeIgniter->tryToRouteIt()
#3 /home/welf/Applications/php/Welfarearo/system/CodeIgniter.php(326): CodeIgniter\CodeIgniter->handleRequest()
#4 /home/welf/domains/welfarearo/index.php(37): CodeIgniter\CodeIgniter->run()
#5 {main}
