CRITICAL - 2022-04-23 03:02:15 --> syntax error, unexpected ',', expecting ';'
#0 /home/welf/Applications/php/Welfarearo/system/Router/Router.php(175): CodeIgniter\Router\Router->autoRoute()
#1 /home/welf/Applications/php/Welfarearo/system/CodeIgniter.php(726): CodeIgniter\Router\Router->handle()
#2 /home/welf/Applications/php/Welfarearo/system/CodeIgniter.php(368): CodeIgniter\CodeIgniter->tryToRouteIt()
#3 /home/welf/Applications/php/Welfarearo/system/CodeIgniter.php(326): CodeIgniter\CodeIgniter->handleRequest()
#4 /home/welf/domains/welfarearo/index.php(37): CodeIgniter\CodeIgniter->run()
#5 {main}
CRITICAL - 2022-04-23 03:02:28 --> syntax error, unexpected ','
#0 /home/welf/Applications/php/Welfarearo/system/Router/Router.php(175): CodeIgniter\Router\Router->autoRoute()
#1 /home/welf/Applications/php/Welfarearo/system/CodeIgniter.php(726): CodeIgniter\Router\Router->handle()
#2 /home/welf/Applications/php/Welfarearo/system/CodeIgniter.php(368): CodeIgniter\CodeIgniter->tryToRouteIt()
#3 /home/welf/Applications/php/Welfarearo/system/CodeIgniter.php(326): CodeIgniter\CodeIgniter->handleRequest()
#4 /home/welf/domains/welfarearo/index.php(37): CodeIgniter\CodeIgniter->run()
#5 {main}
CRITICAL - 2022-04-23 10:34:45 --> Undefined variable: email
#0 /home/welf/Applications/php/Welfarearo/app/Models/Login/FrontLoginModel.php(65): CodeIgniter\Debug\Exceptions->errorHandler()
#1 /home/welf/Applications/php/Welfarearo/app/Controllers/Login/Verify.php(30): App\Models\FrontLoginModel->login_confirm()
#2 /home/welf/Applications/php/Welfarearo/system/CodeIgniter.php(832): App\Controllers\Login\Verify->index()
#3 /home/welf/Applications/php/Welfarearo/system/CodeIgniter.php(419): CodeIgniter\CodeIgniter->runController()
#4 /home/welf/Applications/php/Welfarearo/system/CodeIgniter.php(326): CodeIgniter\CodeIgniter->handleRequest()
#5 /home/welf/domains/welfarearo/index.php(37): CodeIgniter\CodeIgniter->run()
#6 {main}
CRITICAL - 2022-04-23 11:01:47 --> You must set the database table to be used with your query.
#0 /home/welf/Applications/php/Welfarearo/system/Model.php(545): CodeIgniter\Database\BaseConnection->table()
#1 /home/welf/Applications/php/Welfarearo/system/Model.php(693): CodeIgniter\Model->builder()
#2 /home/welf/Applications/php/Welfarearo/app/Models/Login/FrontLoginModel.php(65): CodeIgniter\Model->__get()
#3 /home/welf/Applications/php/Welfarearo/app/Controllers/Login/Verify.php(30): App\Models\FrontLoginModel->login_confirm()
#4 /home/welf/Applications/php/Welfarearo/system/CodeIgniter.php(832): App\Controllers\Login\Verify->index()
#5 /home/welf/Applications/php/Welfarearo/system/CodeIgniter.php(419): CodeIgniter\CodeIgniter->runController()
#6 /home/welf/Applications/php/Welfarearo/system/CodeIgniter.php(326): CodeIgniter\CodeIgniter->handleRequest()
#7 /home/welf/domains/welfarearo/index.php(37): CodeIgniter\CodeIgniter->run()
#8 {main}
CRITICAL - 2022-04-23 11:10:04 --> You must set the database table to be used with your query.
#0 /home/welf/Applications/php/Welfarearo/system/Model.php(545): CodeIgniter\Database\BaseConnection->table()
#1 /home/welf/Applications/php/Welfarearo/system/Model.php(693): CodeIgniter\Model->builder()
#2 /home/welf/Applications/php/Welfarearo/app/Models/Login/FrontLoginModel.php(76): CodeIgniter\Model->__get()
#3 /home/welf/Applications/php/Welfarearo/app/Controllers/Login/Verify.php(31): App\Models\FrontLoginModel->login_confirm()
#4 /home/welf/Applications/php/Welfarearo/system/CodeIgniter.php(832): App\Controllers\Login\Verify->index()
#5 /home/welf/Applications/php/Welfarearo/system/CodeIgniter.php(419): CodeIgniter\CodeIgniter->runController()
#6 /home/welf/Applications/php/Welfarearo/system/CodeIgniter.php(326): CodeIgniter\CodeIgniter->handleRequest()
#7 /home/welf/domains/welfarearo/index.php(37): CodeIgniter\CodeIgniter->run()
#8 {main}
