CRITICAL - 2024-05-03 02:26:24 --> file_get_contents(): php_network_getaddresses: getaddrinfo failed: Name or service not known
#0 [internal function]: CodeIgniter\Debug\Exceptions->errorHandler()
#1 /home/welf/Applications/php/Welfarearo/app/Helpers/shuja_helper.php(137): file_get_contents()
#2 /home/welf/Applications/php/Welfarearo/app/Controllers/Profile.php(82): send_mobile_otp()
#3 /home/welf/Applications/php/Welfarearo/system/CodeIgniter.php(832): App\Controllers\Profile->verify_phone()
#4 /home/welf/Applications/php/Welfarearo/system/CodeIgniter.php(419): CodeIgniter\CodeIgniter->runController()
#5 /home/welf/Applications/php/Welfarearo/system/CodeIgniter.php(326): CodeIgniter\CodeIgniter->handleRequest()
#6 /home/welf/domains/welfarearo/index.php(37): CodeIgniter\CodeIgniter->run()
#7 {main}
CRITICAL - 2024-05-03 17:24:37 --> syntax error, unexpected '{'
#0 /home/welf/Applications/php/Welfarearo/system/View/View.php(213): CodeIgniter\View\View->CodeIgniter\View\{closure}()
#1 /home/welf/Applications/php/Welfarearo/system/Common.php(1089): CodeIgniter\View\View->render()
#2 /home/welf/Applications/php/Welfarearo/app/Controllers/Profile.php(19): view()
#3 /home/welf/Applications/php/Welfarearo/system/CodeIgniter.php(832): App\Controllers\Profile->index()
#4 /home/welf/Applications/php/Welfarearo/system/CodeIgniter.php(419): CodeIgniter\CodeIgniter->runController()
#5 /home/welf/Applications/php/Welfarearo/system/CodeIgniter.php(326): CodeIgniter\CodeIgniter->handleRequest()
#6 /home/welf/domains/welfarearo/index.php(37): CodeIgniter\CodeIgniter->run()
#7 {main}
CRITICAL - 2024-05-03 17:24:42 --> syntax error, unexpected '{'
#0 /home/welf/Applications/php/Welfarearo/system/View/View.php(213): CodeIgniter\View\View->CodeIgniter\View\{closure}()
#1 /home/welf/Applications/php/Welfarearo/system/Common.php(1089): CodeIgniter\View\View->render()
#2 /home/welf/Applications/php/Welfarearo/app/Controllers/Profile.php(19): view()
#3 /home/welf/Applications/php/Welfarearo/system/CodeIgniter.php(832): App\Controllers\Profile->index()
#4 /home/welf/Applications/php/Welfarearo/system/CodeIgniter.php(419): CodeIgniter\CodeIgniter->runController()
#5 /home/welf/Applications/php/Welfarearo/system/CodeIgniter.php(326): CodeIgniter\CodeIgniter->handleRequest()
#6 /home/welf/domains/welfarearo/index.php(37): CodeIgniter\CodeIgniter->run()
#7 {main}
CRITICAL - 2024-05-03 17:24:52 --> syntax error, unexpected '{'
#0 /home/welf/Applications/php/Welfarearo/system/View/View.php(213): CodeIgniter\View\View->CodeIgniter\View\{closure}()
#1 /home/welf/Applications/php/Welfarearo/system/Common.php(1089): CodeIgniter\View\View->render()
#2 /home/welf/Applications/php/Welfarearo/app/Controllers/Profile.php(19): view()
#3 /home/welf/Applications/php/Welfarearo/system/CodeIgniter.php(832): App\Controllers\Profile->index()
#4 /home/welf/Applications/php/Welfarearo/system/CodeIgniter.php(419): CodeIgniter\CodeIgniter->runController()
#5 /home/welf/Applications/php/Welfarearo/system/CodeIgniter.php(326): CodeIgniter\CodeIgniter->handleRequest()
#6 /home/welf/domains/welfarearo/index.php(37): CodeIgniter\CodeIgniter->run()
#7 {main}
CRITICAL - 2024-05-03 17:27:03 --> syntax error, unexpected '{'
#0 /home/welf/Applications/php/Welfarearo/system/View/View.php(213): CodeIgniter\View\View->CodeIgniter\View\{closure}()
#1 /home/welf/Applications/php/Welfarearo/system/Common.php(1089): CodeIgniter\View\View->render()
#2 /home/welf/Applications/php/Welfarearo/app/Controllers/Profile.php(19): view()
#3 /home/welf/Applications/php/Welfarearo/system/CodeIgniter.php(832): App\Controllers\Profile->index()
#4 /home/welf/Applications/php/Welfarearo/system/CodeIgniter.php(419): CodeIgniter\CodeIgniter->runController()
#5 /home/welf/Applications/php/Welfarearo/system/CodeIgniter.php(326): CodeIgniter\CodeIgniter->handleRequest()
#6 /home/welf/domains/welfarearo/index.php(37): CodeIgniter\CodeIgniter->run()
#7 {main}
CRITICAL - 2024-05-03 17:28:15 --> syntax error, unexpected '{'
#0 /home/welf/Applications/php/Welfarearo/system/View/View.php(213): CodeIgniter\View\View->CodeIgniter\View\{closure}()
#1 /home/welf/Applications/php/Welfarearo/system/Common.php(1089): CodeIgniter\View\View->render()
#2 /home/welf/Applications/php/Welfarearo/app/Controllers/Profile.php(19): view()
#3 /home/welf/Applications/php/Welfarearo/system/CodeIgniter.php(832): App\Controllers\Profile->index()
#4 /home/welf/Applications/php/Welfarearo/system/CodeIgniter.php(419): CodeIgniter\CodeIgniter->runController()
#5 /home/welf/Applications/php/Welfarearo/system/CodeIgniter.php(326): CodeIgniter\CodeIgniter->handleRequest()
#6 /home/welf/domains/welfarearo/index.php(37): CodeIgniter\CodeIgniter->run()
#7 {main}
CRITICAL - 2024-05-03 17:29:05 --> syntax error, unexpected '{'
#0 /home/welf/Applications/php/Welfarearo/system/View/View.php(213): CodeIgniter\View\View->CodeIgniter\View\{closure}()
#1 /home/welf/Applications/php/Welfarearo/system/Common.php(1089): CodeIgniter\View\View->render()
#2 /home/welf/Applications/php/Welfarearo/app/Controllers/Profile.php(19): view()
#3 /home/welf/Applications/php/Welfarearo/system/CodeIgniter.php(832): App\Controllers\Profile->index()
#4 /home/welf/Applications/php/Welfarearo/system/CodeIgniter.php(419): CodeIgniter\CodeIgniter->runController()
#5 /home/welf/Applications/php/Welfarearo/system/CodeIgniter.php(326): CodeIgniter\CodeIgniter->handleRequest()
#6 /home/welf/domains/welfarearo/index.php(37): CodeIgniter\CodeIgniter->run()
#7 {main}
CRITICAL - 2024-05-03 17:30:23 --> syntax error, unexpected '{'
#0 /home/welf/Applications/php/Welfarearo/system/View/View.php(213): CodeIgniter\View\View->CodeIgniter\View\{closure}()
#1 /home/welf/Applications/php/Welfarearo/system/Common.php(1089): CodeIgniter\View\View->render()
#2 /home/welf/Applications/php/Welfarearo/app/Controllers/Profile.php(19): view()
#3 /home/welf/Applications/php/Welfarearo/system/CodeIgniter.php(832): App\Controllers\Profile->index()
#4 /home/welf/Applications/php/Welfarearo/system/CodeIgniter.php(419): CodeIgniter\CodeIgniter->runController()
#5 /home/welf/Applications/php/Welfarearo/system/CodeIgniter.php(326): CodeIgniter\CodeIgniter->handleRequest()
#6 /home/welf/domains/welfarearo/index.php(37): CodeIgniter\CodeIgniter->run()
#7 {main}
CRITICAL - 2024-05-03 18:23:27 --> syntax error, unexpected '{'
#0 /home/welf/Applications/php/Welfarearo/system/View/View.php(213): CodeIgniter\View\View->CodeIgniter\View\{closure}()
#1 /home/welf/Applications/php/Welfarearo/system/Common.php(1089): CodeIgniter\View\View->render()
#2 /home/welf/Applications/php/Welfarearo/app/Controllers/Profile.php(19): view()
#3 /home/welf/Applications/php/Welfarearo/system/CodeIgniter.php(832): App\Controllers\Profile->index()
#4 /home/welf/Applications/php/Welfarearo/system/CodeIgniter.php(419): CodeIgniter\CodeIgniter->runController()
#5 /home/welf/Applications/php/Welfarearo/system/CodeIgniter.php(326): CodeIgniter\CodeIgniter->handleRequest()
#6 /home/welf/domains/welfarearo/index.php(37): CodeIgniter\CodeIgniter->run()
#7 {main}
CRITICAL - 2024-05-03 18:23:42 --> syntax error, unexpected '{'
#0 /home/welf/Applications/php/Welfarearo/system/View/View.php(213): CodeIgniter\View\View->CodeIgniter\View\{closure}()
#1 /home/welf/Applications/php/Welfarearo/system/Common.php(1089): CodeIgniter\View\View->render()
#2 /home/welf/Applications/php/Welfarearo/app/Controllers/Profile.php(19): view()
#3 /home/welf/Applications/php/Welfarearo/system/CodeIgniter.php(832): App\Controllers\Profile->index()
#4 /home/welf/Applications/php/Welfarearo/system/CodeIgniter.php(419): CodeIgniter\CodeIgniter->runController()
#5 /home/welf/Applications/php/Welfarearo/system/CodeIgniter.php(326): CodeIgniter\CodeIgniter->handleRequest()
#6 /home/welf/domains/welfarearo/index.php(37): CodeIgniter\CodeIgniter->run()
#7 {main}
CRITICAL - 2024-05-03 18:24:25 --> syntax error, unexpected '{'
#0 /home/welf/Applications/php/Welfarearo/system/View/View.php(213): CodeIgniter\View\View->CodeIgniter\View\{closure}()
#1 /home/welf/Applications/php/Welfarearo/system/Common.php(1089): CodeIgniter\View\View->render()
#2 /home/welf/Applications/php/Welfarearo/app/Controllers/Profile.php(19): view()
#3 /home/welf/Applications/php/Welfarearo/system/CodeIgniter.php(832): App\Controllers\Profile->index()
#4 /home/welf/Applications/php/Welfarearo/system/CodeIgniter.php(419): CodeIgniter\CodeIgniter->runController()
#5 /home/welf/Applications/php/Welfarearo/system/CodeIgniter.php(326): CodeIgniter\CodeIgniter->handleRequest()
#6 /home/welf/domains/welfarearo/index.php(37): CodeIgniter\CodeIgniter->run()
#7 {main}
CRITICAL - 2024-05-03 18:25:31 --> syntax error, unexpected '{'
#0 /home/welf/Applications/php/Welfarearo/system/View/View.php(213): CodeIgniter\View\View->CodeIgniter\View\{closure}()
#1 /home/welf/Applications/php/Welfarearo/system/Common.php(1089): CodeIgniter\View\View->render()
#2 /home/welf/Applications/php/Welfarearo/app/Controllers/Profile.php(19): view()
#3 /home/welf/Applications/php/Welfarearo/system/CodeIgniter.php(832): App\Controllers\Profile->index()
#4 /home/welf/Applications/php/Welfarearo/system/CodeIgniter.php(419): CodeIgniter\CodeIgniter->runController()
#5 /home/welf/Applications/php/Welfarearo/system/CodeIgniter.php(326): CodeIgniter\CodeIgniter->handleRequest()
#6 /home/welf/domains/welfarearo/index.php(37): CodeIgniter\CodeIgniter->run()
#7 {main}
CRITICAL - 2024-05-03 18:26:07 --> syntax error, unexpected '{'
#0 /home/welf/Applications/php/Welfarearo/system/View/View.php(213): CodeIgniter\View\View->CodeIgniter\View\{closure}()
#1 /home/welf/Applications/php/Welfarearo/system/Common.php(1089): CodeIgniter\View\View->render()
#2 /home/welf/Applications/php/Welfarearo/app/Controllers/Profile.php(19): view()
#3 /home/welf/Applications/php/Welfarearo/system/CodeIgniter.php(832): App\Controllers\Profile->index()
#4 /home/welf/Applications/php/Welfarearo/system/CodeIgniter.php(419): CodeIgniter\CodeIgniter->runController()
#5 /home/welf/Applications/php/Welfarearo/system/CodeIgniter.php(326): CodeIgniter\CodeIgniter->handleRequest()
#6 /home/welf/domains/welfarearo/index.php(37): CodeIgniter\CodeIgniter->run()
#7 {main}
CRITICAL - 2024-05-03 18:26:17 --> syntax error, unexpected '{'
#0 /home/welf/Applications/php/Welfarearo/system/View/View.php(213): CodeIgniter\View\View->CodeIgniter\View\{closure}()
#1 /home/welf/Applications/php/Welfarearo/system/Common.php(1089): CodeIgniter\View\View->render()
#2 /home/welf/Applications/php/Welfarearo/app/Controllers/Profile.php(19): view()
#3 /home/welf/Applications/php/Welfarearo/system/CodeIgniter.php(832): App\Controllers\Profile->index()
#4 /home/welf/Applications/php/Welfarearo/system/CodeIgniter.php(419): CodeIgniter\CodeIgniter->runController()
#5 /home/welf/Applications/php/Welfarearo/system/CodeIgniter.php(326): CodeIgniter\CodeIgniter->handleRequest()
#6 /home/welf/domains/welfarearo/index.php(37): CodeIgniter\CodeIgniter->run()
#7 {main}
CRITICAL - 2024-05-03 18:26:55 --> syntax error, unexpected '{'
#0 /home/welf/Applications/php/Welfarearo/system/View/View.php(213): CodeIgniter\View\View->CodeIgniter\View\{closure}()
#1 /home/welf/Applications/php/Welfarearo/system/Common.php(1089): CodeIgniter\View\View->render()
#2 /home/welf/Applications/php/Welfarearo/app/Controllers/Profile.php(19): view()
#3 /home/welf/Applications/php/Welfarearo/system/CodeIgniter.php(832): App\Controllers\Profile->index()
#4 /home/welf/Applications/php/Welfarearo/system/CodeIgniter.php(419): CodeIgniter\CodeIgniter->runController()
#5 /home/welf/Applications/php/Welfarearo/system/CodeIgniter.php(326): CodeIgniter\CodeIgniter->handleRequest()
#6 /home/welf/domains/welfarearo/index.php(37): CodeIgniter\CodeIgniter->run()
#7 {main}
CRITICAL - 2024-05-03 23:24:49 --> Undefined index: nic
#0 /home/welf/Applications/php/Welfarearo/app/Controllers/Profile.php(209): CodeIgniter\Debug\Exceptions->errorHandler()
#1 /home/welf/Applications/php/Welfarearo/system/CodeIgniter.php(832): App\Controllers\Profile->save_name_s()
#2 /home/welf/Applications/php/Welfarearo/system/CodeIgniter.php(419): CodeIgniter\CodeIgniter->runController()
#3 /home/welf/Applications/php/Welfarearo/system/CodeIgniter.php(326): CodeIgniter\CodeIgniter->handleRequest()
#4 /home/welf/domains/welfarearo/index.php(37): CodeIgniter\CodeIgniter->run()
#5 {main}
CRITICAL - 2024-05-03 23:25:24 --> Undefined index: nic
#0 /home/welf/Applications/php/Welfarearo/app/Controllers/Profile.php(209): CodeIgniter\Debug\Exceptions->errorHandler()
#1 /home/welf/Applications/php/Welfarearo/system/CodeIgniter.php(832): App\Controllers\Profile->save_name_s()
#2 /home/welf/Applications/php/Welfarearo/system/CodeIgniter.php(419): CodeIgniter\CodeIgniter->runController()
#3 /home/welf/Applications/php/Welfarearo/system/CodeIgniter.php(326): CodeIgniter\CodeIgniter->handleRequest()
#4 /home/welf/domains/welfarearo/index.php(37): CodeIgniter\CodeIgniter->run()
#5 {main}
ERROR - 2024-05-03 23:37:56 --> Unknown column 'blood_group' in 'field list'
CRITICAL - 2024-05-03 23:37:56 --> Unknown column 'blood_group' in 'field list'
#0 /home/welf/Applications/php/Welfarearo/system/Database/MySQLi/Connection.php(292): mysqli->query()
#1 /home/welf/Applications/php/Welfarearo/system/Database/BaseConnection.php(670): CodeIgniter\Database\MySQLi\Connection->execute()
#2 /home/welf/Applications/php/Welfarearo/system/Database/BaseConnection.php(598): CodeIgniter\Database\BaseConnection->simpleQuery()
#3 /home/welf/Applications/php/Welfarearo/system/Database/BaseBuilder.php(1913): CodeIgniter\Database\BaseConnection->query()
#4 /home/welf/Applications/php/Welfarearo/app/Controllers/Profile.php(226): CodeIgniter\Database\BaseBuilder->update()
#5 /home/welf/Applications/php/Welfarearo/system/CodeIgniter.php(832): App\Controllers\Profile->save_name_s()
#6 /home/welf/Applications/php/Welfarearo/system/CodeIgniter.php(419): CodeIgniter\CodeIgniter->runController()
#7 /home/welf/Applications/php/Welfarearo/system/CodeIgniter.php(326): CodeIgniter\CodeIgniter->handleRequest()
#8 /home/welf/domains/welfarearo/index.php(37): CodeIgniter\CodeIgniter->run()
#9 {main}
CRITICAL - 2024-05-03 23:38:58 --> Undefined index: blood_type
#0 /home/welf/Applications/php/Welfarearo/app/Controllers/Profile.php(218): CodeIgniter\Debug\Exceptions->errorHandler()
#1 /home/welf/Applications/php/Welfarearo/system/CodeIgniter.php(832): App\Controllers\Profile->save_name_s()
#2 /home/welf/Applications/php/Welfarearo/system/CodeIgniter.php(419): CodeIgniter\CodeIgniter->runController()
#3 /home/welf/Applications/php/Welfarearo/system/CodeIgniter.php(326): CodeIgniter\CodeIgniter->handleRequest()
#4 /home/welf/domains/welfarearo/index.php(37): CodeIgniter\CodeIgniter->run()
#5 {main}
