CRITICAL - 2022-05-23 00:50:27 --> Undefined variable: db4
#0 /home/welf/Applications/php/Welfarearo/app/Controllers/Profile.php(53): CodeIgniter\Debug\Exceptions->errorHandler()
#1 /home/welf/Applications/php/Welfarearo/system/CodeIgniter.php(832): App\Controllers\Profile->verify_phone()
#2 /home/welf/Applications/php/Welfarearo/system/CodeIgniter.php(419): CodeIgniter\CodeIgniter->runController()
#3 /home/welf/Applications/php/Welfarearo/system/CodeIgniter.php(326): CodeIgniter\CodeIgniter->handleRequest()
#4 /home/welf/domains/welfarearo/index.php(37): CodeIgniter\CodeIgniter->run()
#5 {main}
CRITICAL - 2022-05-23 00:51:23 --> Undefined variable: db4
#0 /home/welf/Applications/php/Welfarearo/app/Controllers/Profile.php(53): CodeIgniter\Debug\Exceptions->errorHandler()
#1 /home/welf/Applications/php/Welfarearo/system/CodeIgniter.php(832): App\Controllers\Profile->verify_phone()
#2 /home/welf/Applications/php/Welfarearo/system/CodeIgniter.php(419): CodeIgniter\CodeIgniter->runController()
#3 /home/welf/Applications/php/Welfarearo/system/CodeIgniter.php(326): CodeIgniter\CodeIgniter->handleRequest()
#4 /home/welf/domains/welfarearo/index.php(37): CodeIgniter\CodeIgniter->run()
#5 {main}
CRITICAL - 2022-05-23 00:52:36 --> Undefined variable: db4
#0 /home/welf/Applications/php/Welfarearo/app/Controllers/Profile.php(53): CodeIgniter\Debug\Exceptions->errorHandler()
#1 /home/welf/Applications/php/Welfarearo/system/CodeIgniter.php(832): App\Controllers\Profile->verify_phone()
#2 /home/welf/Applications/php/Welfarearo/system/CodeIgniter.php(419): CodeIgniter\CodeIgniter->runController()
#3 /home/welf/Applications/php/Welfarearo/system/CodeIgniter.php(326): CodeIgniter\CodeIgniter->handleRequest()
#4 /home/welf/domains/welfarearo/index.php(37): CodeIgniter\CodeIgniter->run()
#5 {main}
CRITICAL - 2022-05-23 00:53:05 --> Undefined variable: db4
#0 /home/welf/Applications/php/Welfarearo/app/Controllers/Profile.php(53): CodeIgniter\Debug\Exceptions->errorHandler()
#1 /home/welf/Applications/php/Welfarearo/system/CodeIgniter.php(832): App\Controllers\Profile->verify_phone()
#2 /home/welf/Applications/php/Welfarearo/system/CodeIgniter.php(419): CodeIgniter\CodeIgniter->runController()
#3 /home/welf/Applications/php/Welfarearo/system/CodeIgniter.php(326): CodeIgniter\CodeIgniter->handleRequest()
#4 /home/welf/domains/welfarearo/index.php(37): CodeIgniter\CodeIgniter->run()
#5 {main}
CRITICAL - 2022-05-23 00:54:15 --> Undefined variable: db4
#0 /home/welf/Applications/php/Welfarearo/app/Controllers/Profile.php(53): CodeIgniter\Debug\Exceptions->errorHandler()
#1 /home/welf/Applications/php/Welfarearo/system/CodeIgniter.php(832): App\Controllers\Profile->verify_phone()
#2 /home/welf/Applications/php/Welfarearo/system/CodeIgniter.php(419): CodeIgniter\CodeIgniter->runController()
#3 /home/welf/Applications/php/Welfarearo/system/CodeIgniter.php(326): CodeIgniter\CodeIgniter->handleRequest()
#4 /home/welf/domains/welfarearo/index.php(37): CodeIgniter\CodeIgniter->run()
#5 {main}
CRITICAL - 2022-05-23 00:56:14 --> Undefined variable: db4
#0 /home/welf/Applications/php/Welfarearo/app/Controllers/Profile.php(53): CodeIgniter\Debug\Exceptions->errorHandler()
#1 /home/welf/Applications/php/Welfarearo/system/CodeIgniter.php(832): App\Controllers\Profile->verify_phone()
#2 /home/welf/Applications/php/Welfarearo/system/CodeIgniter.php(419): CodeIgniter\CodeIgniter->runController()
#3 /home/welf/Applications/php/Welfarearo/system/CodeIgniter.php(326): CodeIgniter\CodeIgniter->handleRequest()
#4 /home/welf/domains/welfarearo/index.php(37): CodeIgniter\CodeIgniter->run()
#5 {main}
CRITICAL - 2022-05-23 00:57:29 --> Undefined variable: db4
#0 /home/welf/Applications/php/Welfarearo/app/Controllers/Profile.php(53): CodeIgniter\Debug\Exceptions->errorHandler()
#1 /home/welf/Applications/php/Welfarearo/system/CodeIgniter.php(832): App\Controllers\Profile->verify_phone()
#2 /home/welf/Applications/php/Welfarearo/system/CodeIgniter.php(419): CodeIgniter\CodeIgniter->runController()
#3 /home/welf/Applications/php/Welfarearo/system/CodeIgniter.php(326): CodeIgniter\CodeIgniter->handleRequest()
#4 /home/welf/domains/welfarearo/index.php(37): CodeIgniter\CodeIgniter->run()
#5 {main}
CRITICAL - 2022-05-23 01:12:49 --> syntax error, unexpected '}'
#0 /home/welf/Applications/php/Welfarearo/app/Controllers/Profile.php(10): helper()
#1 /home/welf/Applications/php/Welfarearo/system/CodeIgniter.php(809): App\Controllers\Profile->__construct()
#2 /home/welf/Applications/php/Welfarearo/system/CodeIgniter.php(410): CodeIgniter\CodeIgniter->createController()
#3 /home/welf/Applications/php/Welfarearo/system/CodeIgniter.php(326): CodeIgniter\CodeIgniter->handleRequest()
#4 /home/welf/domains/welfarearo/index.php(37): CodeIgniter\CodeIgniter->run()
#5 {main}
CRITICAL - 2022-05-23 01:13:02 --> syntax error, unexpected '}'
#0 /home/welf/Applications/php/Welfarearo/app/Controllers/Account.php(8): helper()
#1 /home/welf/Applications/php/Welfarearo/system/CodeIgniter.php(809): App\Controllers\Account->__construct()
#2 /home/welf/Applications/php/Welfarearo/system/CodeIgniter.php(410): CodeIgniter\CodeIgniter->createController()
#3 /home/welf/Applications/php/Welfarearo/system/CodeIgniter.php(326): CodeIgniter\CodeIgniter->handleRequest()
#4 /home/welf/domains/welfarearo/index.php(37): CodeIgniter\CodeIgniter->run()
#5 {main}
CRITICAL - 2022-05-23 01:13:33 --> syntax error, unexpected ')'
#0 /home/welf/Applications/php/Welfarearo/app/Controllers/Profile.php(10): helper()
#1 /home/welf/Applications/php/Welfarearo/system/CodeIgniter.php(809): App\Controllers\Profile->__construct()
#2 /home/welf/Applications/php/Welfarearo/system/CodeIgniter.php(410): CodeIgniter\CodeIgniter->createController()
#3 /home/welf/Applications/php/Welfarearo/system/CodeIgniter.php(326): CodeIgniter\CodeIgniter->handleRequest()
#4 /home/welf/domains/welfarearo/index.php(37): CodeIgniter\CodeIgniter->run()
#5 {main}
CRITICAL - 2022-05-23 07:50:14 --> Undefined variable: active='Y' OR active!='P' OR active!='D' OR active!='S' 
#0 /home/welf/Applications/php/Welfarearo/app/Views/home.php(91): CodeIgniter\Debug\Exceptions->errorHandler()
#1 /home/welf/Applications/php/Welfarearo/system/View/View.php(210): include('/home/welf/Appl...')
#2 /home/welf/Applications/php/Welfarearo/system/View/View.php(213): CodeIgniter\View\View->CodeIgniter\View\{closure}()
#3 /home/welf/Applications/php/Welfarearo/system/Common.php(1089): CodeIgniter\View\View->render()
#4 /home/welf/Applications/php/Welfarearo/app/Controllers/Home.php(10): view()
#5 /home/welf/Applications/php/Welfarearo/system/CodeIgniter.php(832): App\Controllers\Home->index()
#6 /home/welf/Applications/php/Welfarearo/system/CodeIgniter.php(419): CodeIgniter\CodeIgniter->runController()
#7 /home/welf/Applications/php/Welfarearo/system/CodeIgniter.php(326): CodeIgniter\CodeIgniter->handleRequest()
#8 /home/welf/domains/welfarearo/index.php(37): CodeIgniter\CodeIgniter->run()
#9 {main}
CRITICAL - 2022-05-23 07:50:34 --> Undefined variable: active='Y' OR active!='P' OR active!='D' OR active!='S' 
#0 /home/welf/Applications/php/Welfarearo/app/Views/home.php(91): CodeIgniter\Debug\Exceptions->errorHandler()
#1 /home/welf/Applications/php/Welfarearo/system/View/View.php(210): include('/home/welf/Appl...')
#2 /home/welf/Applications/php/Welfarearo/system/View/View.php(213): CodeIgniter\View\View->CodeIgniter\View\{closure}()
#3 /home/welf/Applications/php/Welfarearo/system/Common.php(1089): CodeIgniter\View\View->render()
#4 /home/welf/Applications/php/Welfarearo/app/Controllers/Home.php(10): view()
#5 /home/welf/Applications/php/Welfarearo/system/CodeIgniter.php(832): App\Controllers\Home->index()
#6 /home/welf/Applications/php/Welfarearo/system/CodeIgniter.php(419): CodeIgniter\CodeIgniter->runController()
#7 /home/welf/Applications/php/Welfarearo/system/CodeIgniter.php(326): CodeIgniter\CodeIgniter->handleRequest()
#8 /home/welf/domains/welfarearo/index.php(37): CodeIgniter\CodeIgniter->run()
#9 {main}
CRITICAL - 2022-05-23 07:50:54 --> Undefined variable: active='Y' OR active!='P' OR active!='D' OR active!='S' 
#0 /home/welf/Applications/php/Welfarearo/app/Views/home.php(91): CodeIgniter\Debug\Exceptions->errorHandler()
#1 /home/welf/Applications/php/Welfarearo/system/View/View.php(210): include('/home/welf/Appl...')
#2 /home/welf/Applications/php/Welfarearo/system/View/View.php(213): CodeIgniter\View\View->CodeIgniter\View\{closure}()
#3 /home/welf/Applications/php/Welfarearo/system/Common.php(1089): CodeIgniter\View\View->render()
#4 /home/welf/Applications/php/Welfarearo/app/Controllers/Home.php(10): view()
#5 /home/welf/Applications/php/Welfarearo/system/CodeIgniter.php(832): App\Controllers\Home->index()
#6 /home/welf/Applications/php/Welfarearo/system/CodeIgniter.php(419): CodeIgniter\CodeIgniter->runController()
#7 /home/welf/Applications/php/Welfarearo/system/CodeIgniter.php(326): CodeIgniter\CodeIgniter->handleRequest()
#8 /home/welf/domains/welfarearo/index.php(37): CodeIgniter\CodeIgniter->run()
#9 {main}
CRITICAL - 2022-05-23 07:51:18 --> Undefined variable: active='Y' OR active!='P' OR active!='D' OR active!='S' 
#0 /home/welf/Applications/php/Welfarearo/app/Views/home.php(91): CodeIgniter\Debug\Exceptions->errorHandler()
#1 /home/welf/Applications/php/Welfarearo/system/View/View.php(210): include('/home/welf/Appl...')
#2 /home/welf/Applications/php/Welfarearo/system/View/View.php(213): CodeIgniter\View\View->CodeIgniter\View\{closure}()
#3 /home/welf/Applications/php/Welfarearo/system/Common.php(1089): CodeIgniter\View\View->render()
#4 /home/welf/Applications/php/Welfarearo/app/Controllers/Home.php(10): view()
#5 /home/welf/Applications/php/Welfarearo/system/CodeIgniter.php(832): App\Controllers\Home->index()
#6 /home/welf/Applications/php/Welfarearo/system/CodeIgniter.php(419): CodeIgniter\CodeIgniter->runController()
#7 /home/welf/Applications/php/Welfarearo/system/CodeIgniter.php(326): CodeIgniter\CodeIgniter->handleRequest()
#8 /home/welf/domains/welfarearo/index.php(37): CodeIgniter\CodeIgniter->run()
#9 {main}
ERROR - 2022-05-23 07:54:27 --> You have an error in your SQL syntax; check the manual that corresponds to your MariaDB server version for the right syntax to use near 'ORDER BY `id` DESC
 LIMIT 12' at line 5
CRITICAL - 2022-05-23 07:54:27 --> You have an error in your SQL syntax; check the manual that corresponds to your MariaDB server version for the right syntax to use near 'ORDER BY `id` DESC
 LIMIT 12' at line 5
#0 /home/welf/Applications/php/Welfarearo/system/Database/MySQLi/Connection.php(292): mysqli->query()
#1 /home/welf/Applications/php/Welfarearo/system/Database/BaseConnection.php(670): CodeIgniter\Database\MySQLi\Connection->execute()
#2 /home/welf/Applications/php/Welfarearo/system/Database/BaseConnection.php(598): CodeIgniter\Database\BaseConnection->simpleQuery()
#3 /home/welf/Applications/php/Welfarearo/system/Database/BaseBuilder.php(1455): CodeIgniter\Database\BaseConnection->query()
#4 /home/welf/Applications/php/Welfarearo/app/Views/home.php(96): CodeIgniter\Database\BaseBuilder->get()
#5 /home/welf/Applications/php/Welfarearo/system/View/View.php(210): include('/home/welf/Appl...')
#6 /home/welf/Applications/php/Welfarearo/system/View/View.php(213): CodeIgniter\View\View->CodeIgniter\View\{closure}()
#7 /home/welf/Applications/php/Welfarearo/system/Common.php(1089): CodeIgniter\View\View->render()
#8 /home/welf/Applications/php/Welfarearo/app/Controllers/Home.php(10): view()
#9 /home/welf/Applications/php/Welfarearo/system/CodeIgniter.php(832): App\Controllers\Home->index()
#10 /home/welf/Applications/php/Welfarearo/system/CodeIgniter.php(419): CodeIgniter\CodeIgniter->runController()
#11 /home/welf/Applications/php/Welfarearo/system/CodeIgniter.php(326): CodeIgniter\CodeIgniter->handleRequest()
#12 /home/welf/domains/welfarearo/index.php(37): CodeIgniter\CodeIgniter->run()
#13 {main}
CRITICAL - 2022-05-23 07:57:34 --> Undefined variable: row
#0 /home/welf/Applications/php/Welfarearo/app/Views/home.php(100): CodeIgniter\Debug\Exceptions->errorHandler()
#1 /home/welf/Applications/php/Welfarearo/system/View/View.php(210): include('/home/welf/Appl...')
#2 /home/welf/Applications/php/Welfarearo/system/View/View.php(213): CodeIgniter\View\View->CodeIgniter\View\{closure}()
#3 /home/welf/Applications/php/Welfarearo/system/Common.php(1089): CodeIgniter\View\View->render()
#4 /home/welf/Applications/php/Welfarearo/app/Controllers/Home.php(10): view()
#5 /home/welf/Applications/php/Welfarearo/system/CodeIgniter.php(832): App\Controllers\Home->index()
#6 /home/welf/Applications/php/Welfarearo/system/CodeIgniter.php(419): CodeIgniter\CodeIgniter->runController()
#7 /home/welf/Applications/php/Welfarearo/system/CodeIgniter.php(326): CodeIgniter\CodeIgniter->handleRequest()
#8 /home/welf/domains/welfarearo/index.php(37): CodeIgniter\CodeIgniter->run()
#9 {main}
CRITICAL - 2022-05-23 07:57:50 --> Undefined variable: row
#0 /home/welf/Applications/php/Welfarearo/app/Views/home.php(100): CodeIgniter\Debug\Exceptions->errorHandler()
#1 /home/welf/Applications/php/Welfarearo/system/View/View.php(210): include('/home/welf/Appl...')
#2 /home/welf/Applications/php/Welfarearo/system/View/View.php(213): CodeIgniter\View\View->CodeIgniter\View\{closure}()
#3 /home/welf/Applications/php/Welfarearo/system/Common.php(1089): CodeIgniter\View\View->render()
#4 /home/welf/Applications/php/Welfarearo/app/Controllers/Home.php(10): view()
#5 /home/welf/Applications/php/Welfarearo/system/CodeIgniter.php(832): App\Controllers\Home->index()
#6 /home/welf/Applications/php/Welfarearo/system/CodeIgniter.php(419): CodeIgniter\CodeIgniter->runController()
#7 /home/welf/Applications/php/Welfarearo/system/CodeIgniter.php(326): CodeIgniter\CodeIgniter->handleRequest()
#8 /home/welf/domains/welfarearo/index.php(37): CodeIgniter\CodeIgniter->run()
#9 {main}
CRITICAL - 2022-05-23 08:00:30 --> syntax error, unexpected '.'
#0 /home/welf/Applications/php/Welfarearo/system/View/View.php(213): CodeIgniter\View\View->CodeIgniter\View\{closure}()
#1 /home/welf/Applications/php/Welfarearo/system/Common.php(1089): CodeIgniter\View\View->render()
#2 /home/welf/Applications/php/Welfarearo/app/Controllers/Home.php(10): view()
#3 /home/welf/Applications/php/Welfarearo/system/CodeIgniter.php(832): App\Controllers\Home->index()
#4 /home/welf/Applications/php/Welfarearo/system/CodeIgniter.php(419): CodeIgniter\CodeIgniter->runController()
#5 /home/welf/Applications/php/Welfarearo/system/CodeIgniter.php(326): CodeIgniter\CodeIgniter->handleRequest()
#6 /home/welf/domains/welfarearo/index.php(37): CodeIgniter\CodeIgniter->run()
#7 {main}
