CRITICAL - 2022-05-14 16:22:01 --> syntax error, unexpected '(', expecting variable (T_VARIABLE)
#0 /home/welf/Applications/php/Welfarearo/system/Autoloader/Autoloader.php(241): CodeIgniter\Autoloader\Autoloader->includeFile()
#1 /home/welf/Applications/php/Welfarearo/system/Autoloader/Autoloader.php(219): CodeIgniter\Autoloader\Autoloader->loadInNamespace()
#2 [internal function]: CodeIgniter\Autoloader\Autoloader->loadClass()
#3 [internal function]: spl_autoload_call()
#4 /home/welf/Applications/php/Welfarearo/system/Config/Factories.php(141): class_exists()
#5 /home/welf/Applications/php/Welfarearo/system/Config/Factories.php(106): CodeIgniter\Config\Factories::locateClass()
#6 /home/welf/Applications/php/Welfarearo/system/Common.php(780): CodeIgniter\Config\Factories::__callStatic()
#7 /home/welf/Applications/php/Welfarearo/app/Controllers/SubmitDonation.php(40): model()
#8 /home/welf/Applications/php/Welfarearo/system/CodeIgniter.php(832): App\Controllers\SubmitDonation->submit_donation()
#9 /home/welf/Applications/php/Welfarearo/system/CodeIgniter.php(419): CodeIgniter\CodeIgniter->runController()
#10 /home/welf/Applications/php/Welfarearo/system/CodeIgniter.php(326): CodeIgniter\CodeIgniter->handleRequest()
#11 /home/welf/domains/welfarearo/index.php(37): CodeIgniter\CodeIgniter->run()
#12 {main}
CRITICAL - 2022-05-14 16:31:44 --> syntax error, unexpected '(', expecting variable (T_VARIABLE)
#0 /home/welf/Applications/php/Welfarearo/system/Autoloader/Autoloader.php(241): CodeIgniter\Autoloader\Autoloader->includeFile()
#1 /home/welf/Applications/php/Welfarearo/system/Autoloader/Autoloader.php(219): CodeIgniter\Autoloader\Autoloader->loadInNamespace()
#2 [internal function]: CodeIgniter\Autoloader\Autoloader->loadClass()
#3 [internal function]: spl_autoload_call()
#4 /home/welf/Applications/php/Welfarearo/system/Config/Factories.php(141): class_exists()
#5 /home/welf/Applications/php/Welfarearo/system/Config/Factories.php(106): CodeIgniter\Config\Factories::locateClass()
#6 /home/welf/Applications/php/Welfarearo/system/Common.php(780): CodeIgniter\Config\Factories::__callStatic()
#7 /home/welf/Applications/php/Welfarearo/app/Controllers/SubmitDonation.php(40): model()
#8 /home/welf/Applications/php/Welfarearo/system/CodeIgniter.php(832): App\Controllers\SubmitDonation->submit_donation()
#9 /home/welf/Applications/php/Welfarearo/system/CodeIgniter.php(419): CodeIgniter\CodeIgniter->runController()
#10 /home/welf/Applications/php/Welfarearo/system/CodeIgniter.php(326): CodeIgniter\CodeIgniter->handleRequest()
#11 /home/welf/domains/welfarearo/index.php(37): CodeIgniter\CodeIgniter->run()
#12 {main}
CRITICAL - 2022-05-14 16:42:31 --> syntax error, unexpected '(', expecting variable (T_VARIABLE)
#0 /home/welf/Applications/php/Welfarearo/system/Autoloader/Autoloader.php(241): CodeIgniter\Autoloader\Autoloader->includeFile()
#1 /home/welf/Applications/php/Welfarearo/system/Autoloader/Autoloader.php(219): CodeIgniter\Autoloader\Autoloader->loadInNamespace()
#2 [internal function]: CodeIgniter\Autoloader\Autoloader->loadClass()
#3 [internal function]: spl_autoload_call()
#4 /home/welf/Applications/php/Welfarearo/system/Config/Factories.php(141): class_exists()
#5 /home/welf/Applications/php/Welfarearo/system/Config/Factories.php(106): CodeIgniter\Config\Factories::locateClass()
#6 /home/welf/Applications/php/Welfarearo/system/Common.php(780): CodeIgniter\Config\Factories::__callStatic()
#7 /home/welf/Applications/php/Welfarearo/app/Controllers/SubmitDonation.php(38): model()
#8 /home/welf/Applications/php/Welfarearo/system/CodeIgniter.php(832): App\Controllers\SubmitDonation->submit_donation()
#9 /home/welf/Applications/php/Welfarearo/system/CodeIgniter.php(419): CodeIgniter\CodeIgniter->runController()
#10 /home/welf/Applications/php/Welfarearo/system/CodeIgniter.php(326): CodeIgniter\CodeIgniter->handleRequest()
#11 /home/welf/domains/welfarearo/index.php(37): CodeIgniter\CodeIgniter->run()
#12 {main}
CRITICAL - 2022-05-14 16:43:28 --> syntax error, unexpected '(', expecting variable (T_VARIABLE)
#0 /home/welf/Applications/php/Welfarearo/system/Autoloader/Autoloader.php(241): CodeIgniter\Autoloader\Autoloader->includeFile()
#1 /home/welf/Applications/php/Welfarearo/system/Autoloader/Autoloader.php(219): CodeIgniter\Autoloader\Autoloader->loadInNamespace()
#2 [internal function]: CodeIgniter\Autoloader\Autoloader->loadClass()
#3 [internal function]: spl_autoload_call()
#4 /home/welf/Applications/php/Welfarearo/system/Config/Factories.php(141): class_exists()
#5 /home/welf/Applications/php/Welfarearo/system/Config/Factories.php(106): CodeIgniter\Config\Factories::locateClass()
#6 /home/welf/Applications/php/Welfarearo/system/Common.php(780): CodeIgniter\Config\Factories::__callStatic()
#7 /home/welf/Applications/php/Welfarearo/app/Controllers/SubmitDonation.php(38): model()
#8 /home/welf/Applications/php/Welfarearo/system/CodeIgniter.php(832): App\Controllers\SubmitDonation->submit_donation()
#9 /home/welf/Applications/php/Welfarearo/system/CodeIgniter.php(419): CodeIgniter\CodeIgniter->runController()
#10 /home/welf/Applications/php/Welfarearo/system/CodeIgniter.php(326): CodeIgniter\CodeIgniter->handleRequest()
#11 /home/welf/domains/welfarearo/index.php(37): CodeIgniter\CodeIgniter->run()
#12 {main}
CRITICAL - 2022-05-14 16:49:39 --> syntax error, unexpected '(', expecting variable (T_VARIABLE)
#0 /home/welf/Applications/php/Welfarearo/system/Autoloader/Autoloader.php(241): CodeIgniter\Autoloader\Autoloader->includeFile()
#1 /home/welf/Applications/php/Welfarearo/system/Autoloader/Autoloader.php(219): CodeIgniter\Autoloader\Autoloader->loadInNamespace()
#2 [internal function]: CodeIgniter\Autoloader\Autoloader->loadClass()
#3 [internal function]: spl_autoload_call()
#4 /home/welf/Applications/php/Welfarearo/system/Config/Factories.php(141): class_exists()
#5 /home/welf/Applications/php/Welfarearo/system/Config/Factories.php(106): CodeIgniter\Config\Factories::locateClass()
#6 /home/welf/Applications/php/Welfarearo/system/Common.php(780): CodeIgniter\Config\Factories::__callStatic()
#7 /home/welf/Applications/php/Welfarearo/app/Controllers/SubmitDonation.php(40): model()
#8 /home/welf/Applications/php/Welfarearo/system/CodeIgniter.php(832): App\Controllers\SubmitDonation->submit_donation()
#9 /home/welf/Applications/php/Welfarearo/system/CodeIgniter.php(419): CodeIgniter\CodeIgniter->runController()
#10 /home/welf/Applications/php/Welfarearo/system/CodeIgniter.php(326): CodeIgniter\CodeIgniter->handleRequest()
#11 /home/welf/domains/welfarearo/index.php(37): CodeIgniter\CodeIgniter->run()
#12 {main}
CRITICAL - 2022-05-14 16:50:34 --> syntax error, unexpected '(', expecting variable (T_VARIABLE)
#0 /home/welf/Applications/php/Welfarearo/system/Autoloader/Autoloader.php(241): CodeIgniter\Autoloader\Autoloader->includeFile()
#1 /home/welf/Applications/php/Welfarearo/system/Autoloader/Autoloader.php(219): CodeIgniter\Autoloader\Autoloader->loadInNamespace()
#2 [internal function]: CodeIgniter\Autoloader\Autoloader->loadClass()
#3 [internal function]: spl_autoload_call()
#4 /home/welf/Applications/php/Welfarearo/system/Config/Factories.php(141): class_exists()
#5 /home/welf/Applications/php/Welfarearo/system/Config/Factories.php(106): CodeIgniter\Config\Factories::locateClass()
#6 /home/welf/Applications/php/Welfarearo/system/Common.php(780): CodeIgniter\Config\Factories::__callStatic()
#7 /home/welf/Applications/php/Welfarearo/app/Controllers/SubmitDonation.php(40): model()
#8 /home/welf/Applications/php/Welfarearo/system/CodeIgniter.php(832): App\Controllers\SubmitDonation->submit_donation()
#9 /home/welf/Applications/php/Welfarearo/system/CodeIgniter.php(419): CodeIgniter\CodeIgniter->runController()
#10 /home/welf/Applications/php/Welfarearo/system/CodeIgniter.php(326): CodeIgniter\CodeIgniter->handleRequest()
#11 /home/welf/domains/welfarearo/index.php(37): CodeIgniter\CodeIgniter->run()
#12 {main}
CRITICAL - 2022-05-14 16:53:15 --> syntax error, unexpected '(', expecting variable (T_VARIABLE)
#0 /home/welf/Applications/php/Welfarearo/system/Autoloader/Autoloader.php(241): CodeIgniter\Autoloader\Autoloader->includeFile()
#1 /home/welf/Applications/php/Welfarearo/system/Autoloader/Autoloader.php(219): CodeIgniter\Autoloader\Autoloader->loadInNamespace()
#2 [internal function]: CodeIgniter\Autoloader\Autoloader->loadClass()
#3 [internal function]: spl_autoload_call()
#4 /home/welf/Applications/php/Welfarearo/system/Config/Factories.php(141): class_exists()
#5 /home/welf/Applications/php/Welfarearo/system/Config/Factories.php(106): CodeIgniter\Config\Factories::locateClass()
#6 /home/welf/Applications/php/Welfarearo/system/Common.php(780): CodeIgniter\Config\Factories::__callStatic()
#7 /home/welf/Applications/php/Welfarearo/app/Controllers/SubmitDonation.php(40): model()
#8 /home/welf/Applications/php/Welfarearo/system/CodeIgniter.php(832): App\Controllers\SubmitDonation->submit_donation()
#9 /home/welf/Applications/php/Welfarearo/system/CodeIgniter.php(419): CodeIgniter\CodeIgniter->runController()
#10 /home/welf/Applications/php/Welfarearo/system/CodeIgniter.php(326): CodeIgniter\CodeIgniter->handleRequest()
#11 /home/welf/domains/welfarearo/index.php(37): CodeIgniter\CodeIgniter->run()
#12 {main}
CRITICAL - 2022-05-14 16:54:43 --> syntax error, unexpected 'submit_donation' (T_STRING), expecting function (T_FUNCTION) or const (T_CONST)
#0 /home/welf/Applications/php/Welfarearo/system/Autoloader/Autoloader.php(241): CodeIgniter\Autoloader\Autoloader->includeFile()
#1 /home/welf/Applications/php/Welfarearo/system/Autoloader/Autoloader.php(219): CodeIgniter\Autoloader\Autoloader->loadInNamespace()
#2 [internal function]: CodeIgniter\Autoloader\Autoloader->loadClass()
#3 [internal function]: spl_autoload_call()
#4 /home/welf/Applications/php/Welfarearo/system/Config/Factories.php(141): class_exists()
#5 /home/welf/Applications/php/Welfarearo/system/Config/Factories.php(106): CodeIgniter\Config\Factories::locateClass()
#6 /home/welf/Applications/php/Welfarearo/system/Common.php(780): CodeIgniter\Config\Factories::__callStatic()
#7 /home/welf/Applications/php/Welfarearo/app/Controllers/SubmitDonation.php(40): model()
#8 /home/welf/Applications/php/Welfarearo/system/CodeIgniter.php(832): App\Controllers\SubmitDonation->submit_donation()
#9 /home/welf/Applications/php/Welfarearo/system/CodeIgniter.php(419): CodeIgniter\CodeIgniter->runController()
#10 /home/welf/Applications/php/Welfarearo/system/CodeIgniter.php(326): CodeIgniter\CodeIgniter->handleRequest()
#11 /home/welf/domains/welfarearo/index.php(37): CodeIgniter\CodeIgniter->run()
#12 {main}
CRITICAL - 2022-05-14 17:00:51 --> Class 'App\Controllers\model' not found
#0 /home/welf/Applications/php/Welfarearo/system/CodeIgniter.php(832): App\Controllers\SubmitDonation->submit_donation()
#1 /home/welf/Applications/php/Welfarearo/system/CodeIgniter.php(419): CodeIgniter\CodeIgniter->runController()
#2 /home/welf/Applications/php/Welfarearo/system/CodeIgniter.php(326): CodeIgniter\CodeIgniter->handleRequest()
#3 /home/welf/domains/welfarearo/index.php(37): CodeIgniter\CodeIgniter->run()
#4 {main}
CRITICAL - 2022-05-14 17:02:49 --> syntax error, unexpected 'submit_donation' (T_STRING), expecting function (T_FUNCTION) or const (T_CONST)
#0 /home/welf/Applications/php/Welfarearo/system/Autoloader/Autoloader.php(241): CodeIgniter\Autoloader\Autoloader->includeFile()
#1 /home/welf/Applications/php/Welfarearo/system/Autoloader/Autoloader.php(219): CodeIgniter\Autoloader\Autoloader->loadInNamespace()
#2 [internal function]: CodeIgniter\Autoloader\Autoloader->loadClass()
#3 [internal function]: spl_autoload_call()
#4 /home/welf/Applications/php/Welfarearo/system/Config/Factories.php(141): class_exists()
#5 /home/welf/Applications/php/Welfarearo/system/Config/Factories.php(106): CodeIgniter\Config\Factories::locateClass()
#6 /home/welf/Applications/php/Welfarearo/system/Common.php(780): CodeIgniter\Config\Factories::__callStatic()
#7 /home/welf/Applications/php/Welfarearo/app/Controllers/SubmitDonation.php(40): model()
#8 /home/welf/Applications/php/Welfarearo/system/CodeIgniter.php(832): App\Controllers\SubmitDonation->submit_donation()
#9 /home/welf/Applications/php/Welfarearo/system/CodeIgniter.php(419): CodeIgniter\CodeIgniter->runController()
#10 /home/welf/Applications/php/Welfarearo/system/CodeIgniter.php(326): CodeIgniter\CodeIgniter->handleRequest()
#11 /home/welf/domains/welfarearo/index.php(37): CodeIgniter\CodeIgniter->run()
#12 {main}
CRITICAL - 2022-05-14 17:05:05 --> syntax error, unexpected 'submit_donation' (T_STRING), expecting function (T_FUNCTION) or const (T_CONST)
#0 /home/welf/Applications/php/Welfarearo/system/Autoloader/Autoloader.php(241): CodeIgniter\Autoloader\Autoloader->includeFile()
#1 /home/welf/Applications/php/Welfarearo/system/Autoloader/Autoloader.php(219): CodeIgniter\Autoloader\Autoloader->loadInNamespace()
#2 [internal function]: CodeIgniter\Autoloader\Autoloader->loadClass()
#3 [internal function]: spl_autoload_call()
#4 /home/welf/Applications/php/Welfarearo/system/Config/Factories.php(141): class_exists()
#5 /home/welf/Applications/php/Welfarearo/system/Config/Factories.php(86): CodeIgniter\Config\Factories::locateClass()
#6 /home/welf/Applications/php/Welfarearo/system/Common.php(780): CodeIgniter\Config\Factories::__callStatic()
#7 /home/welf/Applications/php/Welfarearo/app/Controllers/SubmitDonation.php(38): model()
#8 /home/welf/Applications/php/Welfarearo/system/CodeIgniter.php(832): App\Controllers\SubmitDonation->submit_donation()
#9 /home/welf/Applications/php/Welfarearo/system/CodeIgniter.php(419): CodeIgniter\CodeIgniter->runController()
#10 /home/welf/Applications/php/Welfarearo/system/CodeIgniter.php(326): CodeIgniter\CodeIgniter->handleRequest()
#11 /home/welf/domains/welfarearo/index.php(37): CodeIgniter\CodeIgniter->run()
#12 {main}
CRITICAL - 2022-05-14 17:06:49 --> You must set the database table to be used with your query.
#0 /home/welf/Applications/php/Welfarearo/system/Model.php(545): CodeIgniter\Database\BaseConnection->table()
#1 /home/welf/Applications/php/Welfarearo/system/Model.php(693): CodeIgniter\Model->builder()
#2 /home/welf/Applications/php/Welfarearo/app/Models/Account/SubmitRequest.php(23): CodeIgniter\Model->__get()
#3 /home/welf/Applications/php/Welfarearo/app/Controllers/SubmitDonation.php(40): App\Models\SubmitRequest->submit_donation()
#4 /home/welf/Applications/php/Welfarearo/system/CodeIgniter.php(832): App\Controllers\SubmitDonation->submit_donation()
#5 /home/welf/Applications/php/Welfarearo/system/CodeIgniter.php(419): CodeIgniter\CodeIgniter->runController()
#6 /home/welf/Applications/php/Welfarearo/system/CodeIgniter.php(326): CodeIgniter\CodeIgniter->handleRequest()
#7 /home/welf/domains/welfarearo/index.php(37): CodeIgniter\CodeIgniter->run()
#8 {main}
CRITICAL - 2022-05-14 17:18:21 --> You must set the database table to be used with your query.
#0 /home/welf/Applications/php/Welfarearo/system/Model.php(545): CodeIgniter\Database\BaseConnection->table()
#1 /home/welf/Applications/php/Welfarearo/system/Model.php(693): CodeIgniter\Model->builder()
#2 /home/welf/Applications/php/Welfarearo/app/Models/Account/SubmitRequest.php(23): CodeIgniter\Model->__get()
#3 /home/welf/Applications/php/Welfarearo/app/Controllers/SubmitDonation.php(40): App\Models\SubmitRequest->submit_donation()
#4 /home/welf/Applications/php/Welfarearo/system/CodeIgniter.php(832): App\Controllers\SubmitDonation->submit_donation()
#5 /home/welf/Applications/php/Welfarearo/system/CodeIgniter.php(419): CodeIgniter\CodeIgniter->runController()
#6 /home/welf/Applications/php/Welfarearo/system/CodeIgniter.php(326): CodeIgniter\CodeIgniter->handleRequest()
#7 /home/welf/domains/welfarearo/index.php(37): CodeIgniter\CodeIgniter->run()
#8 {main}
CRITICAL - 2022-05-14 17:20:34 --> You must set the database table to be used with your query.
#0 /home/welf/Applications/php/Welfarearo/system/Model.php(545): CodeIgniter\Database\BaseConnection->table()
#1 /home/welf/Applications/php/Welfarearo/system/Model.php(693): CodeIgniter\Model->builder()
#2 /home/welf/Applications/php/Welfarearo/app/Models/Account/SubmitRequest.php(23): CodeIgniter\Model->__get()
#3 /home/welf/Applications/php/Welfarearo/app/Controllers/SubmitDonation.php(41): App\Models\SubmitRequest->submit_donation()
#4 /home/welf/Applications/php/Welfarearo/system/CodeIgniter.php(832): App\Controllers\SubmitDonation->submit_donation()
#5 /home/welf/Applications/php/Welfarearo/system/CodeIgniter.php(419): CodeIgniter\CodeIgniter->runController()
#6 /home/welf/Applications/php/Welfarearo/system/CodeIgniter.php(326): CodeIgniter\CodeIgniter->handleRequest()
#7 /home/welf/domains/welfarearo/index.php(37): CodeIgniter\CodeIgniter->run()
#8 {main}
CRITICAL - 2022-05-14 17:24:15 --> You must set the database table to be used with your query.
#0 /home/welf/Applications/php/Welfarearo/system/Model.php(545): CodeIgniter\Database\BaseConnection->table()
#1 /home/welf/Applications/php/Welfarearo/system/Model.php(693): CodeIgniter\Model->builder()
#2 /home/welf/Applications/php/Welfarearo/app/Models/Account/SubmitRequest.php(23): CodeIgniter\Model->__get()
#3 /home/welf/Applications/php/Welfarearo/app/Controllers/SubmitDonation.php(41): App\Models\SubmitRequest->submit_donation()
#4 /home/welf/Applications/php/Welfarearo/system/CodeIgniter.php(832): App\Controllers\SubmitDonation->submit_donation()
#5 /home/welf/Applications/php/Welfarearo/system/CodeIgniter.php(419): CodeIgniter\CodeIgniter->runController()
#6 /home/welf/Applications/php/Welfarearo/system/CodeIgniter.php(326): CodeIgniter\CodeIgniter->handleRequest()
#7 /home/welf/domains/welfarearo/index.php(37): CodeIgniter\CodeIgniter->run()
#8 {main}
CRITICAL - 2022-05-14 17:25:06 --> syntax error, unexpected '}'
#0 /home/welf/Applications/php/Welfarearo/system/Autoloader/Autoloader.php(241): CodeIgniter\Autoloader\Autoloader->includeFile()
#1 /home/welf/Applications/php/Welfarearo/system/Autoloader/Autoloader.php(219): CodeIgniter\Autoloader\Autoloader->loadInNamespace()
#2 [internal function]: CodeIgniter\Autoloader\Autoloader->loadClass()
#3 [internal function]: spl_autoload_call()
#4 /home/welf/Applications/php/Welfarearo/system/Config/Factories.php(141): class_exists()
#5 /home/welf/Applications/php/Welfarearo/system/Config/Factories.php(86): CodeIgniter\Config\Factories::locateClass()
#6 /home/welf/Applications/php/Welfarearo/system/Common.php(780): CodeIgniter\Config\Factories::__callStatic()
#7 /home/welf/Applications/php/Welfarearo/app/Controllers/SubmitDonation.php(39): model()
#8 /home/welf/Applications/php/Welfarearo/system/CodeIgniter.php(832): App\Controllers\SubmitDonation->submit_donation()
#9 /home/welf/Applications/php/Welfarearo/system/CodeIgniter.php(419): CodeIgniter\CodeIgniter->runController()
#10 /home/welf/Applications/php/Welfarearo/system/CodeIgniter.php(326): CodeIgniter\CodeIgniter->handleRequest()
#11 /home/welf/domains/welfarearo/index.php(37): CodeIgniter\CodeIgniter->run()
#12 {main}
CRITICAL - 2022-05-14 17:25:28 --> You must set the database table to be used with your query.
#0 /home/welf/Applications/php/Welfarearo/system/Model.php(545): CodeIgniter\Database\BaseConnection->table()
#1 /home/welf/Applications/php/Welfarearo/system/Model.php(693): CodeIgniter\Model->builder()
#2 /home/welf/Applications/php/Welfarearo/app/Models/Account/SubmitRequest.php(23): CodeIgniter\Model->__get()
#3 /home/welf/Applications/php/Welfarearo/app/Controllers/SubmitDonation.php(41): App\Models\SubmitRequest->submit_donation()
#4 /home/welf/Applications/php/Welfarearo/system/CodeIgniter.php(832): App\Controllers\SubmitDonation->submit_donation()
#5 /home/welf/Applications/php/Welfarearo/system/CodeIgniter.php(419): CodeIgniter\CodeIgniter->runController()
#6 /home/welf/Applications/php/Welfarearo/system/CodeIgniter.php(326): CodeIgniter\CodeIgniter->handleRequest()
#7 /home/welf/domains/welfarearo/index.php(37): CodeIgniter\CodeIgniter->run()
#8 {main}
CRITICAL - 2022-05-14 17:29:50 --> You must set the database table to be used with your query.
#0 /home/welf/Applications/php/Welfarearo/system/Model.php(545): CodeIgniter\Database\BaseConnection->table()
#1 /home/welf/Applications/php/Welfarearo/system/Model.php(693): CodeIgniter\Model->builder()
#2 /home/welf/Applications/php/Welfarearo/app/Models/Account/SubmitRequest.php(23): CodeIgniter\Model->__get()
#3 /home/welf/Applications/php/Welfarearo/app/Controllers/SubmitDonation.php(41): App\Models\SubmitRequest->submit_donation()
#4 /home/welf/Applications/php/Welfarearo/system/CodeIgniter.php(832): App\Controllers\SubmitDonation->submit_donation()
#5 /home/welf/Applications/php/Welfarearo/system/CodeIgniter.php(419): CodeIgniter\CodeIgniter->runController()
#6 /home/welf/Applications/php/Welfarearo/system/CodeIgniter.php(326): CodeIgniter\CodeIgniter->handleRequest()
#7 /home/welf/domains/welfarearo/index.php(37): CodeIgniter\CodeIgniter->run()
#8 {main}
CRITICAL - 2022-05-14 17:32:33 --> You must set the database table to be used with your query.
#0 /home/welf/Applications/php/Welfarearo/system/Model.php(545): CodeIgniter\Database\BaseConnection->table()
#1 /home/welf/Applications/php/Welfarearo/system/Model.php(693): CodeIgniter\Model->builder()
#2 /home/welf/Applications/php/Welfarearo/app/Models/Account/SubmitRequest.php(23): CodeIgniter\Model->__get()
#3 /home/welf/Applications/php/Welfarearo/app/Controllers/SubmitDonation.php(41): App\Models\SubmitRequest->submit_donation()
#4 /home/welf/Applications/php/Welfarearo/system/CodeIgniter.php(832): App\Controllers\SubmitDonation->submit_donation()
#5 /home/welf/Applications/php/Welfarearo/system/CodeIgniter.php(419): CodeIgniter\CodeIgniter->runController()
#6 /home/welf/Applications/php/Welfarearo/system/CodeIgniter.php(326): CodeIgniter\CodeIgniter->handleRequest()
#7 /home/welf/domains/welfarearo/index.php(37): CodeIgniter\CodeIgniter->run()
#8 {main}
CRITICAL - 2022-05-14 17:37:58 --> You must set the database table to be used with your query.
#0 /home/welf/Applications/php/Welfarearo/system/Model.php(545): CodeIgniter\Database\BaseConnection->table()
#1 /home/welf/Applications/php/Welfarearo/system/Model.php(693): CodeIgniter\Model->builder()
#2 /home/welf/Applications/php/Welfarearo/app/Models/Account/SubmitRequest.php(23): CodeIgniter\Model->__get()
#3 /home/welf/Applications/php/Welfarearo/app/Controllers/SubmitDonation.php(41): App\Models\SubmitRequest->submit_donation()
#4 /home/welf/Applications/php/Welfarearo/system/CodeIgniter.php(832): App\Controllers\SubmitDonation->submit_donation()
#5 /home/welf/Applications/php/Welfarearo/system/CodeIgniter.php(419): CodeIgniter\CodeIgniter->runController()
#6 /home/welf/Applications/php/Welfarearo/system/CodeIgniter.php(326): CodeIgniter\CodeIgniter->handleRequest()
#7 /home/welf/domains/welfarearo/index.php(37): CodeIgniter\CodeIgniter->run()
#8 {main}
CRITICAL - 2022-05-14 17:45:27 --> You must set the database table to be used with your query.
#0 /home/welf/Applications/php/Welfarearo/system/Model.php(545): CodeIgniter\Database\BaseConnection->table()
#1 /home/welf/Applications/php/Welfarearo/system/Model.php(693): CodeIgniter\Model->builder()
#2 /home/welf/Applications/php/Welfarearo/app/Models/Account/SubmitRequest.php(23): CodeIgniter\Model->__get()
#3 /home/welf/Applications/php/Welfarearo/app/Controllers/SubmitDonation.php(41): App\Models\SubmitRequest->submit_donation()
#4 /home/welf/Applications/php/Welfarearo/system/CodeIgniter.php(832): App\Controllers\SubmitDonation->submit_donation()
#5 /home/welf/Applications/php/Welfarearo/system/CodeIgniter.php(419): CodeIgniter\CodeIgniter->runController()
#6 /home/welf/Applications/php/Welfarearo/system/CodeIgniter.php(326): CodeIgniter\CodeIgniter->handleRequest()
#7 /home/welf/domains/welfarearo/index.php(37): CodeIgniter\CodeIgniter->run()
#8 {main}
CRITICAL - 2022-05-14 17:45:44 --> You must set the database table to be used with your query.
#0 /home/welf/Applications/php/Welfarearo/system/Model.php(545): CodeIgniter\Database\BaseConnection->table()
#1 /home/welf/Applications/php/Welfarearo/system/Model.php(693): CodeIgniter\Model->builder()
#2 /home/welf/Applications/php/Welfarearo/app/Models/Account/SubmitRequest.php(23): CodeIgniter\Model->__get()
#3 /home/welf/Applications/php/Welfarearo/app/Controllers/SubmitDonation.php(41): App\Models\SubmitRequest->submit_donation()
#4 /home/welf/Applications/php/Welfarearo/system/CodeIgniter.php(832): App\Controllers\SubmitDonation->submit_donation()
#5 /home/welf/Applications/php/Welfarearo/system/CodeIgniter.php(419): CodeIgniter\CodeIgniter->runController()
#6 /home/welf/Applications/php/Welfarearo/system/CodeIgniter.php(326): CodeIgniter\CodeIgniter->handleRequest()
#7 /home/welf/domains/welfarearo/index.php(37): CodeIgniter\CodeIgniter->run()
#8 {main}
CRITICAL - 2022-05-14 17:46:57 --> You must set the database table to be used with your query.
#0 /home/welf/Applications/php/Welfarearo/system/Model.php(545): CodeIgniter\Database\BaseConnection->table()
#1 /home/welf/Applications/php/Welfarearo/system/Model.php(693): CodeIgniter\Model->builder()
#2 /home/welf/Applications/php/Welfarearo/app/Models/Account/SubmitRequest.php(23): CodeIgniter\Model->__get()
#3 /home/welf/Applications/php/Welfarearo/app/Controllers/SubmitDonation.php(41): App\Models\SubmitRequest->submit_donation()
#4 /home/welf/Applications/php/Welfarearo/system/CodeIgniter.php(832): App\Controllers\SubmitDonation->submit_donation()
#5 /home/welf/Applications/php/Welfarearo/system/CodeIgniter.php(419): CodeIgniter\CodeIgniter->runController()
#6 /home/welf/Applications/php/Welfarearo/system/CodeIgniter.php(326): CodeIgniter\CodeIgniter->handleRequest()
#7 /home/welf/domains/welfarearo/index.php(37): CodeIgniter\CodeIgniter->run()
#8 {main}
CRITICAL - 2022-05-14 17:47:20 --> You must set the database table to be used with your query.
#0 /home/welf/Applications/php/Welfarearo/system/Model.php(545): CodeIgniter\Database\BaseConnection->table()
#1 /home/welf/Applications/php/Welfarearo/system/Model.php(693): CodeIgniter\Model->builder()
#2 /home/welf/Applications/php/Welfarearo/app/Models/Account/SubmitRequest.php(23): CodeIgniter\Model->__get()
#3 /home/welf/Applications/php/Welfarearo/app/Controllers/SubmitDonation.php(41): App\Models\SubmitRequest->submit_donation()
#4 /home/welf/Applications/php/Welfarearo/system/CodeIgniter.php(832): App\Controllers\SubmitDonation->submit_donation()
#5 /home/welf/Applications/php/Welfarearo/system/CodeIgniter.php(419): CodeIgniter\CodeIgniter->runController()
#6 /home/welf/Applications/php/Welfarearo/system/CodeIgniter.php(326): CodeIgniter\CodeIgniter->handleRequest()
#7 /home/welf/domains/welfarearo/index.php(37): CodeIgniter\CodeIgniter->run()
#8 {main}
CRITICAL - 2022-05-14 17:47:58 --> You must set the database table to be used with your query.
#0 /home/welf/Applications/php/Welfarearo/system/Model.php(545): CodeIgniter\Database\BaseConnection->table()
#1 /home/welf/Applications/php/Welfarearo/system/Model.php(693): CodeIgniter\Model->builder()
#2 /home/welf/Applications/php/Welfarearo/app/Models/Account/SubmitRequest.php(23): CodeIgniter\Model->__get()
#3 /home/welf/Applications/php/Welfarearo/app/Controllers/SubmitDonation.php(41): App\Models\SubmitRequest->submit_donation()
#4 /home/welf/Applications/php/Welfarearo/system/CodeIgniter.php(832): App\Controllers\SubmitDonation->submit_donation()
#5 /home/welf/Applications/php/Welfarearo/system/CodeIgniter.php(419): CodeIgniter\CodeIgniter->runController()
#6 /home/welf/Applications/php/Welfarearo/system/CodeIgniter.php(326): CodeIgniter\CodeIgniter->handleRequest()
#7 /home/welf/domains/welfarearo/index.php(37): CodeIgniter\CodeIgniter->run()
#8 {main}
CRITICAL - 2022-05-14 17:49:57 --> You must set the database table to be used with your query.
#0 /home/welf/Applications/php/Welfarearo/system/Model.php(545): CodeIgniter\Database\BaseConnection->table()
#1 /home/welf/Applications/php/Welfarearo/system/Model.php(693): CodeIgniter\Model->builder()
#2 /home/welf/Applications/php/Welfarearo/app/Models/Account/SubmitRequest.php(23): CodeIgniter\Model->__get()
#3 /home/welf/Applications/php/Welfarearo/app/Controllers/SubmitDonation.php(41): App\Models\SubmitRequest->submit_donation()
#4 /home/welf/Applications/php/Welfarearo/system/CodeIgniter.php(832): App\Controllers\SubmitDonation->submit_donation()
#5 /home/welf/Applications/php/Welfarearo/system/CodeIgniter.php(419): CodeIgniter\CodeIgniter->runController()
#6 /home/welf/Applications/php/Welfarearo/system/CodeIgniter.php(326): CodeIgniter\CodeIgniter->handleRequest()
#7 /home/welf/domains/welfarearo/index.php(37): CodeIgniter\CodeIgniter->run()
#8 {main}
CRITICAL - 2022-05-14 17:53:13 --> You must set the database table to be used with your query.
#0 /home/welf/Applications/php/Welfarearo/system/Model.php(545): CodeIgniter\Database\BaseConnection->table()
#1 /home/welf/Applications/php/Welfarearo/system/Model.php(693): CodeIgniter\Model->builder()
#2 /home/welf/Applications/php/Welfarearo/app/Models/Account/SubmitRequest.php(23): CodeIgniter\Model->__get()
#3 /home/welf/Applications/php/Welfarearo/app/Controllers/SubmitDonation.php(41): App\Models\SubmitRequest->submit_donation()
#4 /home/welf/Applications/php/Welfarearo/system/CodeIgniter.php(832): App\Controllers\SubmitDonation->submit_donation()
#5 /home/welf/Applications/php/Welfarearo/system/CodeIgniter.php(419): CodeIgniter\CodeIgniter->runController()
#6 /home/welf/Applications/php/Welfarearo/system/CodeIgniter.php(326): CodeIgniter\CodeIgniter->handleRequest()
#7 /home/welf/domains/welfarearo/index.php(37): CodeIgniter\CodeIgniter->run()
#8 {main}
CRITICAL - 2022-05-14 17:55:10 --> You must set the database table to be used with your query.
#0 /home/welf/Applications/php/Welfarearo/system/Model.php(545): CodeIgniter\Database\BaseConnection->table()
#1 /home/welf/Applications/php/Welfarearo/system/Model.php(693): CodeIgniter\Model->builder()
#2 /home/welf/Applications/php/Welfarearo/app/Models/Account/SubmitRequest.php(23): CodeIgniter\Model->__get()
#3 /home/welf/Applications/php/Welfarearo/app/Controllers/SubmitDonation.php(41): App\Models\SubmitRequest->submit_donation()
#4 /home/welf/Applications/php/Welfarearo/system/CodeIgniter.php(832): App\Controllers\SubmitDonation->submit_donation()
#5 /home/welf/Applications/php/Welfarearo/system/CodeIgniter.php(419): CodeIgniter\CodeIgniter->runController()
#6 /home/welf/Applications/php/Welfarearo/system/CodeIgniter.php(326): CodeIgniter\CodeIgniter->handleRequest()
#7 /home/welf/domains/welfarearo/index.php(37): CodeIgniter\CodeIgniter->run()
#8 {main}
CRITICAL - 2022-05-14 17:56:06 --> You must set the database table to be used with your query.
#0 /home/welf/Applications/php/Welfarearo/system/Model.php(545): CodeIgniter\Database\BaseConnection->table()
#1 /home/welf/Applications/php/Welfarearo/system/Model.php(693): CodeIgniter\Model->builder()
#2 /home/welf/Applications/php/Welfarearo/app/Models/Account/SubmitRequest.php(23): CodeIgniter\Model->__get()
#3 /home/welf/Applications/php/Welfarearo/app/Controllers/SubmitDonation.php(41): App\Models\SubmitRequest->submit_donation()
#4 /home/welf/Applications/php/Welfarearo/system/CodeIgniter.php(832): App\Controllers\SubmitDonation->submit_donation()
#5 /home/welf/Applications/php/Welfarearo/system/CodeIgniter.php(419): CodeIgniter\CodeIgniter->runController()
#6 /home/welf/Applications/php/Welfarearo/system/CodeIgniter.php(326): CodeIgniter\CodeIgniter->handleRequest()
#7 /home/welf/domains/welfarearo/index.php(37): CodeIgniter\CodeIgniter->run()
#8 {main}
CRITICAL - 2022-05-14 17:57:49 --> You must set the database table to be used with your query.
#0 /home/welf/Applications/php/Welfarearo/system/Model.php(545): CodeIgniter\Database\BaseConnection->table()
#1 /home/welf/Applications/php/Welfarearo/system/Model.php(693): CodeIgniter\Model->builder()
#2 /home/welf/Applications/php/Welfarearo/app/Models/Account/SubmitRequest.php(23): CodeIgniter\Model->__get()
#3 /home/welf/Applications/php/Welfarearo/app/Controllers/SubmitDonation.php(41): App\Models\SubmitRequest->submit_donation()
#4 /home/welf/Applications/php/Welfarearo/system/CodeIgniter.php(832): App\Controllers\SubmitDonation->submit_donation()
#5 /home/welf/Applications/php/Welfarearo/system/CodeIgniter.php(419): CodeIgniter\CodeIgniter->runController()
#6 /home/welf/Applications/php/Welfarearo/system/CodeIgniter.php(326): CodeIgniter\CodeIgniter->handleRequest()
#7 /home/welf/domains/welfarearo/index.php(37): CodeIgniter\CodeIgniter->run()
#8 {main}
CRITICAL - 2022-05-14 18:03:51 --> You must set the database table to be used with your query.
#0 /home/welf/Applications/php/Welfarearo/system/Model.php(545): CodeIgniter\Database\BaseConnection->table()
#1 /home/welf/Applications/php/Welfarearo/system/Model.php(693): CodeIgniter\Model->builder()
#2 /home/welf/Applications/php/Welfarearo/app/Models/Account/SubmitRequest.php(23): CodeIgniter\Model->__get()
#3 /home/welf/Applications/php/Welfarearo/app/Controllers/SubmitDonation.php(41): App\Models\SubmitRequest->submit_donation()
#4 /home/welf/Applications/php/Welfarearo/system/CodeIgniter.php(832): App\Controllers\SubmitDonation->submit_donation()
#5 /home/welf/Applications/php/Welfarearo/system/CodeIgniter.php(419): CodeIgniter\CodeIgniter->runController()
#6 /home/welf/Applications/php/Welfarearo/system/CodeIgniter.php(326): CodeIgniter\CodeIgniter->handleRequest()
#7 /home/welf/domains/welfarearo/index.php(37): CodeIgniter\CodeIgniter->run()
#8 {main}
CRITICAL - 2022-05-14 18:08:04 --> Undefined variable: data
#0 /home/welf/Applications/php/Welfarearo/app/Models/Account/SubmitRequest.php(41): CodeIgniter\Debug\Exceptions->errorHandler()
#1 /home/welf/Applications/php/Welfarearo/app/Controllers/SubmitDonation.php(41): App\Models\SubmitRequest->submit_donation()
#2 /home/welf/Applications/php/Welfarearo/system/CodeIgniter.php(832): App\Controllers\SubmitDonation->submit_donation()
#3 /home/welf/Applications/php/Welfarearo/system/CodeIgniter.php(419): CodeIgniter\CodeIgniter->runController()
#4 /home/welf/Applications/php/Welfarearo/system/CodeIgniter.php(326): CodeIgniter\CodeIgniter->handleRequest()
#5 /home/welf/domains/welfarearo/index.php(37): CodeIgniter\CodeIgniter->run()
#6 {main}
